{"C:\\Users\\REGINALDO\\Desktop\\AI-KIDS-OFICIAL\\src\\canon\\agents\\all-agents.ts": {"path":"C:\\Users\\REGINALDO\\Desktop\\AI-KIDS-OFICIAL\\src\\canon\\agents\\all-agents.ts","statementMap":{"0":{"start":{"line":8,"column":13},"end":{"line":28,"column":2}},"1":{"start":{"line":31,"column":13},"end":{"line":47,"column":2}},"2":{"start":{"line":49,"column":13},"end":{"line":65,"column":2}},"3":{"start":{"line":67,"column":13},"end":{"line":83,"column":2}},"4":{"start":{"line":85,"column":13},"end":{"line":101,"column":2}},"5":{"start":{"line":103,"column":13},"end":{"line":119,"column":2}},"6":{"start":{"line":121,"column":13},"end":{"line":137,"column":2}},"7":{"start":{"line":139,"column":13},"end":{"line":155,"column":2}},"8":{"start":{"line":157,"column":13},"end":{"line":173,"column":2}},"9":{"start":{"line":175,"column":45},"end":{"line":239,"column":2}},"10":{"start":{"line":241,"column":13},"end":{"line":241,"column":113}}},"fnMap":{},"branchMap":{},"s":{"0":1,"1":1,"2":1,"3":1,"4":1,"5":1,"6":1,"7":1,"8":1,"9":1,"10":1},"f":{},"b":{}}
,"C:\\Users\\REGINALDO\\Desktop\\AI-KIDS-OFICIAL\\src\\components\\hud\\_contracts.ts": {"path":"C:\\Users\\REGINALDO\\Desktop\\AI-KIDS-OFICIAL\\src\\components\\hud\\_contracts.ts","statementMap":{"0":{"start":{"line":308,"column":0},"end":{"line":308,"column":16}},"1":{"start":{"line":322,"column":0},"end":{"line":322,"column":16}},"2":{"start":{"line":12,"column":0},"end":{"line":12,"column":24}},"3":{"start":{"line":18,"column":13},"end":{"line":23,"column":3}},"4":{"start":{"line":27,"column":13},"end":{"line":32,"column":3}},"5":{"start":{"line":37,"column":13},"end":{"line":42,"column":2}},"6":{"start":{"line":45,"column":13},"end":{"line":50,"column":2}},"7":{"start":{"line":53,"column":13},"end":{"line":58,"column":2}},"8":{"start":{"line":64,"column":13},"end":{"line":69,"column":3}},"9":{"start":{"line":73,"column":13},"end":{"line":78,"column":3}},"10":{"start":{"line":83,"column":13},"end":{"line":88,"column":2}},"11":{"start":{"line":91,"column":13},"end":{"line":96,"column":2}},"12":{"start":{"line":99,"column":13},"end":{"line":99,"column":52}},"13":{"start":{"line":105,"column":13},"end":{"line":109,"column":3}},"14":{"start":{"line":113,"column":13},"end":{"line":118,"column":3}},"15":{"start":{"line":123,"column":13},"end":{"line":130,"column":2}},"16":{"start":{"line":133,"column":13},"end":{"line":141,"column":2}},"17":{"start":{"line":144,"column":13},"end":{"line":152,"column":2}},"18":{"start":{"line":158,"column":13},"end":{"line":162,"column":3}},"19":{"start":{"line":166,"column":13},"end":{"line":170,"column":3}},"20":{"start":{"line":175,"column":13},"end":{"line":179,"column":2}},"21":{"start":{"line":182,"column":13},"end":{"line":186,"column":2}},"22":{"start":{"line":192,"column":13},"end":{"line":198,"column":3}},"23":{"start":{"line":202,"column":13},"end":{"line":205,"column":3}},"24":{"start":{"line":210,"column":13},"end":{"line":216,"column":2}},"25":{"start":{"line":219,"column":13},"end":{"line":225,"column":2}},"26":{"start":{"line":228,"column":13},"end":{"line":234,"column":2}},"27":{"start":{"line":237,"column":13},"end":{"line":243,"column":2}},"28":{"start":{"line":249,"column":13},"end":{"line":254,"column":3}},"29":{"start":{"line":258,"column":13},"end":{"line":264,"column":3}},"30":{"start":{"line":269,"column":13},"end":{"line":274,"column":2}},"31":{"start":{"line":277,"column":13},"end":{"line":282,"column":2}},"32":{"start":{"line":285,"column":13},"end":{"line":290,"column":2}},"33":{"start":{"line":293,"column":13},"end":{"line":298,"column":2}},"34":{"start":{"line":313,"column":18},"end":{"line":313,"column":35}},"35":{"start":{"line":314,"column":2},"end":{"line":314,"column":29}},"36":{"start":{"line":314,"column":16},"end":{"line":314,"column":29}},"37":{"start":{"line":315,"column":2},"end":{"line":315,"column":30}},"38":{"start":{"line":326,"column":17},"end":{"line":326,"column":40}},"39":{"start":{"line":327,"column":2},"end":{"line":333,"column":3}},"40":{"start":{"line":328,"column":4},"end":{"line":331,"column":6}},"41":{"start":{"line":332,"column":4},"end":{"line":332,"column":62}},"42":{"start":{"line":334,"column":2},"end":{"line":334,"column":21}}},"fnMap":{"0":{"name":"isValidTransition","decl":{"start":{"line":308,"column":16},"end":{"line":308,"column":33}},"loc":{"start":{"line":311,"column":7},"end":{"line":316,"column":1}}},"1":{"name":"validateProps","decl":{"start":{"line":322,"column":16},"end":{"line":322,"column":29}},"loc":{"start":{"line":324,"column":16},"end":{"line":335,"column":1}}}},"branchMap":{"0":{"loc":{"start":{"line":314,"column":2},"end":{"line":314,"column":29}},"type":"if","locations":[{"start":{"line":314,"column":2},"end":{"line":314,"column":29}},{"start":{},"end":{}}]},"1":{"loc":{"start":{"line":327,"column":2},"end":{"line":333,"column":3}},"type":"if","locations":[{"start":{"line":327,"column":2},"end":{"line":333,"column":3}},{"start":{},"end":{}}]}},"s":{"0":6,"1":6,"2":6,"3":6,"4":6,"5":6,"6":6,"7":6,"8":6,"9":6,"10":6,"11":6,"12":6,"13":6,"14":6,"15":6,"16":6,"17":6,"18":6,"19":6,"20":6,"21":6,"22":6,"23":6,"24":6,"25":6,"26":6,"27":6,"28":6,"29":6,"30":6,"31":6,"32":6,"33":6,"34":39,"35":39,"36":0,"37":39,"38":16,"39":16,"40":10,"41":10,"42":6},"f":{"0":39,"1":16},"b":{"0":[0,39],"1":[10,6]}}
,"C:\\Users\\REGINALDO\\Desktop\\AI-KIDS-OFICIAL\\src\\components\\lab\\useLabInterface.ts": {"path":"C:\\Users\\REGINALDO\\Desktop\\AI-KIDS-OFICIAL\\src\\components\\lab\\useLabInterface.ts","statementMap":{"0":{"start":{"line":80,"column":0},"end":{"line":80,"column":16}},"1":{"start":{"line":13,"column":0},"end":{"line":13,"column":64}},"2":{"start":{"line":18,"column":46},"end":{"line":25,"column":2}},"3":{"start":{"line":102,"column":9},"end":{"line":102,"column":20}},"4":{"start":{"line":36,"column":48},"end":{"line":61,"column":2}},"5":{"start":{"line":102,"column":22},"end":{"line":102,"column":32}},"6":{"start":{"line":81,"column":19},"end":{"line":81,"column":56}},"7":{"start":{"line":81,"column":45},"end":{"line":81,"column":55}},"8":{"start":{"line":82,"column":21},"end":{"line":82,"column":65}},"9":{"start":{"line":82,"column":47},"end":{"line":82,"column":64}},"10":{"start":{"line":83,"column":18},"end":{"line":83,"column":54}},"11":{"start":{"line":83,"column":44},"end":{"line":83,"column":53}},"12":{"start":{"line":84,"column":18},"end":{"line":84,"column":54}},"13":{"start":{"line":84,"column":44},"end":{"line":84,"column":53}},"14":{"start":{"line":86,"column":23},"end":{"line":86,"column":49}},"15":{"start":{"line":87,"column":21},"end":{"line":87,"column":66}},"16":{"start":{"line":88,"column":20},"end":{"line":88,"column":63}},"17":{"start":{"line":90,"column":2},"end":{"line":97,"column":4}}},"fnMap":{"0":{"name":"useLabInterface","decl":{"start":{"line":80,"column":16},"end":{"line":80,"column":31}},"loc":{"start":{"line":80,"column":31},"end":{"line":98,"column":1}}},"1":{"name":"(anonymous_1)","decl":{"start":{"line":81,"column":38},"end":{"line":81,"column":39}},"loc":{"start":{"line":81,"column":45},"end":{"line":81,"column":55}}},"2":{"name":"(anonymous_2)","decl":{"start":{"line":82,"column":40},"end":{"line":82,"column":41}},"loc":{"start":{"line":82,"column":47},"end":{"line":82,"column":64}}},"3":{"name":"(anonymous_3)","decl":{"start":{"line":83,"column":37},"end":{"line":83,"column":38}},"loc":{"start":{"line":83,"column":44},"end":{"line":83,"column":53}}},"4":{"name":"(anonymous_4)","decl":{"start":{"line":84,"column":37},"end":{"line":84,"column":38}},"loc":{"start":{"line":84,"column":44},"end":{"line":84,"column":53}}}},"branchMap":{"0":{"loc":{"start":{"line":87,"column":21},"end":{"line":87,"column":66}},"type":"binary-expr","locations":[{"start":{"line":87,"column":21},"end":{"line":87,"column":46}},{"start":{"line":87,"column":50},"end":{"line":87,"column":66}}]},"1":{"loc":{"start":{"line":88,"column":20},"end":{"line":88,"column":63}},"type":"binary-expr","locations":[{"start":{"line":88,"column":20},"end":{"line":88,"column":44}},{"start":{"line":88,"column":48},"end":{"line":88,"column":63}}]}},"s":{"0":1,"1":1,"2":1,"3":1,"4":1,"5":1,"6":0,"7":0,"8":0,"9":0,"10":0,"11":0,"12":0,"13":0,"14":0,"15":0,"16":0,"17":0},"f":{"0":0,"1":0,"2":0,"3":0,"4":0},"b":{"0":[0,0],"1":[0,0]}}
,"C:\\Users\\REGINALDO\\Desktop\\AI-KIDS-OFICIAL\\src\\components\\motion\\_motionContracts.ts": {"path":"C:\\Users\\REGINALDO\\Desktop\\AI-KIDS-OFICIAL\\src\\components\\motion\\_motionContracts.ts","statementMap":{"0":{"start":{"line":189,"column":0},"end":{"line":189,"column":16}},"1":{"start":{"line":223,"column":0},"end":{"line":223,"column":16}},"2":{"start":{"line":12,"column":0},"end":{"line":12,"column":24}},"3":{"start":{"line":13,"column":0},"end":{"line":13,"column":48}},"4":{"start":{"line":19,"column":13},"end":{"line":21,"column":3}},"5":{"start":{"line":27,"column":13},"end":{"line":34,"column":3}},"6":{"start":{"line":39,"column":13},"end":{"line":43,"column":11}},"7":{"start":{"line":49,"column":13},"end":{"line":56,"column":3}},"8":{"start":{"line":61,"column":13},"end":{"line":65,"column":11}},"9":{"start":{"line":71,"column":13},"end":{"line":80,"column":3}},"10":{"start":{"line":85,"column":13},"end":{"line":90,"column":11}},"11":{"start":{"line":96,"column":13},"end":{"line":105,"column":3}},"12":{"start":{"line":110,"column":13},"end":{"line":115,"column":11}},"13":{"start":{"line":121,"column":13},"end":{"line":128,"column":3}},"14":{"start":{"line":133,"column":13},"end":{"line":138,"column":11}},"15":{"start":{"line":148,"column":13},"end":{"line":154,"column":11}},"16":{"start":{"line":162,"column":13},"end":{"line":168,"column":2}},"17":{"start":{"line":174,"column":13},"end":{"line":183,"column":11}},"18":{"start":{"line":193,"column":2},"end":{"line":195,"column":3}},"19":{"start":{"line":194,"column":4},"end":{"line":194,"column":35}},"20":{"start":{"line":196,"column":2},"end":{"line":198,"column":3}},"21":{"start":{"line":197,"column":4},"end":{"line":197,"column":38}},"22":{"start":{"line":199,"column":2},"end":{"line":199,"column":14}},"23":{"start":{"line":206,"column":13},"end":{"line":215,"column":3}},"24":{"start":{"line":227,"column":17},"end":{"line":227,"column":40}},"25":{"start":{"line":228,"column":2},"end":{"line":234,"column":3}},"26":{"start":{"line":229,"column":4},"end":{"line":232,"column":6}},"27":{"start":{"line":233,"column":4},"end":{"line":233,"column":69}},"28":{"start":{"line":235,"column":2},"end":{"line":235,"column":21}}},"fnMap":{"0":{"name":"checkPerformanceGate","decl":{"start":{"line":189,"column":16},"end":{"line":189,"column":36}},"loc":{"start":{"line":191,"column":24},"end":{"line":200,"column":1}}},"1":{"name":"validateMotionProps","decl":{"start":{"line":223,"column":16},"end":{"line":223,"column":35}},"loc":{"start":{"line":225,"column":16},"end":{"line":236,"column":1}}}},"branchMap":{"0":{"loc":{"start":{"line":193,"column":2},"end":{"line":195,"column":3}},"type":"if","locations":[{"start":{"line":193,"column":2},"end":{"line":195,"column":3}},{"start":{},"end":{}}]},"1":{"loc":{"start":{"line":193,"column":6},"end":{"line":193,"column":65}},"type":"binary-expr","locations":[{"start":{"line":193,"column":6},"end":{"line":193,"column":19}},{"start":{"line":193,"column":23},"end":{"line":193,"column":65}}]},"2":{"loc":{"start":{"line":196,"column":2},"end":{"line":198,"column":3}},"type":"if","locations":[{"start":{"line":196,"column":2},"end":{"line":198,"column":3}},{"start":{},"end":{}}]},"3":{"loc":{"start":{"line":228,"column":2},"end":{"line":234,"column":3}},"type":"if","locations":[{"start":{"line":228,"column":2},"end":{"line":234,"column":3}},{"start":{},"end":{}}]}},"s":{"0":6,"1":6,"2":6,"3":6,"4":6,"5":6,"6":6,"7":6,"8":6,"9":6,"10":6,"11":6,"12":6,"13":6,"14":6,"15":6,"16":6,"17":6,"18":23,"19":10,"20":13,"21":9,"22":4,"23":6,"24":31,"25":31,"26":6,"27":6,"28":25},"f":{"0":23,"1":31},"b":{"0":[10,13],"1":[23,10],"2":[9,4],"3":[6,25]}}
,"C:\\Users\\REGINALDO\\Desktop\\AI-KIDS-OFICIAL\\src\\design-system\\motion.ts": {"path":"C:\\Users\\REGINALDO\\Desktop\\AI-KIDS-OFICIAL\\src\\design-system\\motion.ts","statementMap":{"0":{"start":{"line":138,"column":0},"end":{"line":138,"column":16}},"1":{"start":{"line":148,"column":0},"end":{"line":148,"column":16}},"2":{"start":{"line":159,"column":0},"end":{"line":159,"column":16}},"3":{"start":{"line":20,"column":17},"end":{"line":33,"column":11}},"4":{"start":{"line":37,"column":15},"end":{"line":50,"column":11}},"5":{"start":{"line":54,"column":14},"end":{"line":65,"column":11}},"6":{"start":{"line":69,"column":16},"end":{"line":78,"column":11}},"7":{"start":{"line":82,"column":20},"end":{"line":89,"column":11}},"8":{"start":{"line":98,"column":63},"end":{"line":105,"column":2}},"9":{"start":{"line":107,"column":59},"end":{"line":114,"column":2}},"10":{"start":{"line":118,"column":13},"end":{"line":128,"column":11}},"11":{"start":{"line":142,"column":2},"end":{"line":142,"column":71}},"12":{"start":{"line":152,"column":2},"end":{"line":152,"column":67}},"13":{"start":{"line":160,"column":2},"end":{"line":160,"column":50}},"14":{"start":{"line":160,"column":37},"end":{"line":160,"column":50}},"15":{"start":{"line":161,"column":2},"end":{"line":161,"column":71}}},"fnMap":{"0":{"name":"resolveDuration","decl":{"start":{"line":138,"column":16},"end":{"line":138,"column":31}},"loc":{"start":{"line":140,"column":26},"end":{"line":143,"column":1}}},"1":{"name":"resolveEasing","decl":{"start":{"line":148,"column":16},"end":{"line":148,"column":29}},"loc":{"start":{"line":150,"column":26},"end":{"line":153,"column":1}}},"2":{"name":"prefersReducedMotion","decl":{"start":{"line":159,"column":16},"end":{"line":159,"column":36}},"loc":{"start":{"line":159,"column":36},"end":{"line":162,"column":1}}}},"branchMap":{"0":{"loc":{"start":{"line":140,"column":2},"end":{"line":140,"column":26}},"type":"default-arg","locations":[{"start":{"line":140,"column":21},"end":{"line":140,"column":26}}]},"1":{"loc":{"start":{"line":142,"column":9},"end":{"line":142,"column":70}},"type":"cond-expr","locations":[{"start":{"line":142,"column":19},"end":{"line":142,"column":47}},{"start":{"line":142,"column":50},"end":{"line":142,"column":70}}]},"2":{"loc":{"start":{"line":150,"column":2},"end":{"line":150,"column":26}},"type":"default-arg","locations":[{"start":{"line":150,"column":21},"end":{"line":150,"column":26}}]},"3":{"loc":{"start":{"line":152,"column":9},"end":{"line":152,"column":66}},"type":"cond-expr","locations":[{"start":{"line":152,"column":19},"end":{"line":152,"column":45}},{"start":{"line":152,"column":48},"end":{"line":152,"column":66}}]},"4":{"loc":{"start":{"line":160,"column":2},"end":{"line":160,"column":50}},"type":"if","locations":[{"start":{"line":160,"column":2},"end":{"line":160,"column":50}},{"start":{},"end":{}}]}},"s":{"0":6,"1":6,"2":6,"3":6,"4":6,"5":6,"6":6,"7":6,"8":6,"9":6,"10":6,"11":0,"12":0,"13":0,"14":0,"15":0},"f":{"0":0,"1":0,"2":0},"b":{"0":[0],"1":[0,0],"2":[0],"3":[0,0],"4":[0,0]}}
,"C:\\Users\\REGINALDO\\Desktop\\AI-KIDS-OFICIAL\\src\\lib\\gamification-logger.ts": {"path":"C:\\Users\\REGINALDO\\Desktop\\AI-KIDS-OFICIAL\\src\\lib\\gamification-logger.ts","statementMap":{"0":{"start":{"line":143,"column":0},"end":{"line":143,"column":16}},"1":{"start":{"line":166,"column":0},"end":{"line":166,"column":16}},"2":{"start":{"line":188,"column":0},"end":{"line":188,"column":16}},"3":{"start":{"line":215,"column":0},"end":{"line":215,"column":16}},"4":{"start":{"line":242,"column":0},"end":{"line":242,"column":16}},"5":{"start":{"line":263,"column":0},"end":{"line":263,"column":16}},"6":{"start":{"line":285,"column":0},"end":{"line":285,"column":16}},"7":{"start":{"line":58,"column":29},"end":{"line":62,"column":2}},"8":{"start":{"line":64,"column":49},"end":{"line":69,"column":2}},"9":{"start":{"line":74,"column":2},"end":{"line":76,"column":3}},"10":{"start":{"line":75,"column":4},"end":{"line":75,"column":29}},"11":{"start":{"line":77,"column":2},"end":{"line":77,"column":66}},"12":{"start":{"line":81,"column":2},"end":{"line":83,"column":3}},"13":{"start":{"line":82,"column":4},"end":{"line":82,"column":77}},"14":{"start":{"line":84,"column":2},"end":{"line":84,"column":68}},"15":{"start":{"line":88,"column":2},"end":{"line":91,"column":3}},"16":{"start":{"line":90,"column":4},"end":{"line":90,"column":31}},"17":{"start":{"line":93,"column":18},"end":{"line":93,"column":67}},"18":{"start":{"line":94,"column":2},"end":{"line":97,"column":3}},"19":{"start":{"line":95,"column":4},"end":{"line":95,"column":36}},"20":{"start":{"line":96,"column":4},"end":{"line":96,"column":65}},"21":{"start":{"line":98,"column":2},"end":{"line":98,"column":19}},"22":{"start":{"line":104,"column":2},"end":{"line":104,"column":42}},"23":{"start":{"line":104,"column":35},"end":{"line":104,"column":42}},"24":{"start":{"line":106,"column":41},"end":{"line":110,"column":4}},"25":{"start":{"line":113,"column":21},"end":{"line":113,"column":45}},"26":{"start":{"line":115,"column":2},"end":{"line":128,"column":3}},"27":{"start":{"line":117,"column":6},"end":{"line":117,"column":47}},"28":{"start":{"line":118,"column":6},"end":{"line":118,"column":12}},"29":{"start":{"line":120,"column":6},"end":{"line":120,"column":46}},"30":{"start":{"line":121,"column":6},"end":{"line":121,"column":12}},"31":{"start":{"line":123,"column":6},"end":{"line":123,"column":46}},"32":{"start":{"line":124,"column":6},"end":{"line":124,"column":12}},"33":{"start":{"line":126,"column":6},"end":{"line":126,"column":47}},"34":{"start":{"line":127,"column":6},"end":{"line":127,"column":12}},"35":{"start":{"line":144,"column":2},"end":{"line":157,"column":5}},"36":{"start":{"line":170,"column":2},"end":{"line":179,"column":5}},"37":{"start":{"line":192,"column":2},"end":{"line":201,"column":5}},"38":{"start":{"line":219,"column":2},"end":{"line":233,"column":5}},"39":{"start":{"line":246,"column":2},"end":{"line":255,"column":5}},"40":{"start":{"line":267,"column":2},"end":{"line":275,"column":5}},"41":{"start":{"line":286,"column":2},"end":{"line":294,"column":5}},"42":{"start":{"line":299,"column":13},"end":{"line":307,"column":2}},"43":{"start":{"line":309,"column":0},"end":{"line":309,"column":34}}},"fnMap":{"0":{"name":"shouldLog","decl":{"start":{"line":73,"column":9},"end":{"line":73,"column":18}},"loc":{"start":{"line":73,"column":34},"end":{"line":78,"column":1}}},"1":{"name":"generateSessionId","decl":{"start":{"line":80,"column":9},"end":{"line":80,"column":26}},"loc":{"start":{"line":80,"column":26},"end":{"line":85,"column":1}}},"2":{"name":"getSessionId","decl":{"start":{"line":87,"column":9},"end":{"line":87,"column":21}},"loc":{"start":{"line":87,"column":21},"end":{"line":99,"column":1}}},"3":{"name":"log","decl":{"start":{"line":103,"column":9},"end":{"line":103,"column":12}},"loc":{"start":{"line":103,"column":77},"end":{"line":129,"column":1}}},"4":{"name":"logXPGain","decl":{"start":{"line":143,"column":16},"end":{"line":143,"column":25}},"loc":{"start":{"line":143,"column":67},"end":{"line":158,"column":1}}},"5":{"name":"logAgentInteraction","decl":{"start":{"line":166,"column":16},"end":{"line":166,"column":35}},"loc":{"start":{"line":168,"column":17},"end":{"line":180,"column":1}}},"6":{"name":"logAgentUnlock","decl":{"start":{"line":188,"column":16},"end":{"line":188,"column":30}},"loc":{"start":{"line":190,"column":17},"end":{"line":202,"column":1}}},"7":{"name":"logCombination","decl":{"start":{"line":215,"column":16},"end":{"line":215,"column":30}},"loc":{"start":{"line":217,"column":17},"end":{"line":234,"column":1}}},"8":{"name":"logBadgeEarned","decl":{"start":{"line":242,"column":16},"end":{"line":242,"column":30}},"loc":{"start":{"line":244,"column":17},"end":{"line":256,"column":1}}},"9":{"name":"logStreakUpdate","decl":{"start":{"line":263,"column":16},"end":{"line":263,"column":31}},"loc":{"start":{"line":265,"column":17},"end":{"line":276,"column":1}}},"10":{"name":"logError","decl":{"start":{"line":285,"column":16},"end":{"line":285,"column":24}},"loc":{"start":{"line":285,"column":48},"end":{"line":295,"column":1}}}},"branchMap":{"0":{"loc":{"start":{"line":74,"column":2},"end":{"line":76,"column":3}},"type":"if","locations":[{"start":{"line":74,"column":2},"end":{"line":76,"column":3}},{"start":{},"end":{}}]},"1":{"loc":{"start":{"line":74,"column":6},"end":{"line":74,"column":73}},"type":"binary-expr","locations":[{"start":{"line":74,"column":6},"end":{"line":74,"column":43}},{"start":{"line":74,"column":47},"end":{"line":74,"column":73}}]},"2":{"loc":{"start":{"line":81,"column":2},"end":{"line":83,"column":3}},"type":"if","locations":[{"start":{"line":81,"column":2},"end":{"line":83,"column":3}},{"start":{},"end":{}}]},"3":{"loc":{"start":{"line":88,"column":2},"end":{"line":91,"column":3}},"type":"if","locations":[{"start":{"line":88,"column":2},"end":{"line":91,"column":3}},{"start":{},"end":{}}]},"4":{"loc":{"start":{"line":94,"column":2},"end":{"line":97,"column":3}},"type":"if","locations":[{"start":{"line":94,"column":2},"end":{"line":97,"column":3}},{"start":{},"end":{}}]},"5":{"loc":{"start":{"line":104,"column":2},"end":{"line":104,"column":42}},"type":"if","locations":[{"start":{"line":104,"column":2},"end":{"line":104,"column":42}},{"start":{},"end":{}}]},"6":{"loc":{"start":{"line":115,"column":2},"end":{"line":128,"column":3}},"type":"switch","locations":[{"start":{"line":116,"column":4},"end":{"line":118,"column":12}},{"start":{"line":119,"column":4},"end":{"line":121,"column":12}},{"start":{"line":122,"column":4},"end":{"line":124,"column":12}},{"start":{"line":125,"column":4},"end":{"line":127,"column":12}}]}},"s":{"0":2,"1":2,"2":2,"3":2,"4":2,"5":2,"6":2,"7":2,"8":2,"9":12,"10":0,"11":12,"12":1,"13":0,"14":1,"15":12,"16":0,"17":12,"18":12,"19":1,"20":1,"21":12,"22":12,"23":0,"24":12,"25":12,"26":12,"27":0,"28":0,"29":10,"30":10,"31":0,"32":0,"33":2,"34":2,"35":5,"36":1,"37":1,"38":1,"39":1,"40":1,"41":2,"42":2,"43":2},"f":{"0":12,"1":1,"2":12,"3":12,"4":5,"5":1,"6":1,"7":1,"8":1,"9":1,"10":2},"b":{"0":[0,12],"1":[12,0],"2":[0,1],"3":[0,12],"4":[1,11],"5":[0,12],"6":[0,10,0,2]}}
,"C:\\Users\\REGINALDO\\Desktop\\AI-KIDS-OFICIAL\\src\\lib\\xp-webhook.ts": {"path":"C:\\Users\\REGINALDO\\Desktop\\AI-KIDS-OFICIAL\\src\\lib\\xp-webhook.ts","statementMap":{"0":{"start":{"line":105,"column":0},"end":{"line":105,"column":7}},"1":{"start":{"line":15,"column":0},"end":{"line":15,"column":30}},"2":{"start":{"line":16,"column":0},"end":{"line":16,"column":60}},"3":{"start":{"line":17,"column":0},"end":{"line":17,"column":38}},"4":{"start":{"line":18,"column":0},"end":{"line":18,"column":38}},"5":{"start":{"line":19,"column":0},"end":{"line":19,"column":28}},"6":{"start":{"line":20,"column":0},"end":{"line":20,"column":null}},"7":{"start":{"line":62,"column":35},"end":{"line":62,"column":65}},"8":{"start":{"line":65,"column":77},"end":{"line":71,"column":2}},"9":{"start":{"line":76,"column":14},"end":{"line":76,"column":24}},"10":{"start":{"line":77,"column":14},"end":{"line":77,"column":26}},"11":{"start":{"line":78,"column":15},"end":{"line":78,"column":57}},"12":{"start":{"line":79,"column":17},"end":{"line":79,"column":30}},"13":{"start":{"line":80,"column":2},"end":{"line":80,"column":23}},"14":{"start":{"line":81,"column":2},"end":{"line":81,"column":44}},"15":{"start":{"line":85,"column":2},"end":{"line":87,"column":3}},"16":{"start":{"line":85,"column":19},"end":{"line":85,"column":56}},"17":{"start":{"line":86,"column":4},"end":{"line":86,"column":75}},"18":{"start":{"line":86,"column":62},"end":{"line":86,"column":75}},"19":{"start":{"line":88,"column":2},"end":{"line":88,"column":11}},"20":{"start":{"line":92,"column":2},"end":{"line":94,"column":22}},"21":{"start":{"line":93,"column":19},"end":{"line":93,"column":73}},"22":{"start":{"line":94,"column":16},"end":{"line":94,"column":20}},"23":{"start":{"line":106,"column":37},"end":{"line":106,"column":43}},"24":{"start":{"line":107,"column":18},"end":{"line":107,"column":34}},"25":{"start":{"line":108,"column":15},"end":{"line":108,"column":53}},"26":{"start":{"line":109,"column":17},"end":{"line":109,"column":33}},"27":{"start":{"line":111,"column":2},"end":{"line":295,"column":3}},"28":{"start":{"line":112,"column":22},"end":{"line":271,"column":6}},"29":{"start":{"line":114,"column":24},"end":{"line":118,"column":17}},"30":{"start":{"line":124,"column":6},"end":{"line":156,"column":7}},"31":{"start":{"line":126,"column":8},"end":{"line":134,"column":11}},"32":{"start":{"line":135,"column":8},"end":{"line":135,"column":26}},"33":{"start":{"line":136,"column":8},"end":{"line":136,"column":29}},"34":{"start":{"line":137,"column":8},"end":{"line":137,"column":23}},"35":{"start":{"line":139,"column":25},"end":{"line":139,"column":57}},"36":{"start":{"line":140,"column":25},"end":{"line":142,"column":15}},"37":{"start":{"line":144,"column":8},"end":{"line":146,"column":23}},"38":{"start":{"line":148,"column":30},"end":{"line":148,"column":62}},"39":{"start":{"line":149,"column":8},"end":{"line":149,"column":54}},"40":{"start":{"line":150,"column":8},"end":{"line":150,"column":83}},"41":{"start":{"line":152,"column":8},"end":{"line":155,"column":44}},"42":{"start":{"line":160,"column":28},"end":{"line":160,"column":33}},"43":{"start":{"line":162,"column":22},"end":{"line":162,"column":39}},"44":{"start":{"line":164,"column":8},"end":{"line":166,"column":36}},"45":{"start":{"line":168,"column":6},"end":{"line":220,"column":7}},"46":{"start":{"line":169,"column":33},"end":{"line":173,"column":19}},"47":{"start":{"line":175,"column":8},"end":{"line":219,"column":9}},"48":{"start":{"line":177,"column":31},"end":{"line":177,"column":61}},"49":{"start":{"line":178,"column":10},"end":{"line":187,"column":13}},"50":{"start":{"line":188,"column":10},"end":{"line":188,"column":35}},"51":{"start":{"line":191,"column":12},"end":{"line":193,"column":46}},"52":{"start":{"line":195,"column":28},"end":{"line":195,"column":67}},"53":{"start":{"line":196,"column":28},"end":{"line":196,"column":76}},"54":{"start":{"line":198,"column":73},"end":{"line":202,"column":12}},"55":{"start":{"line":204,"column":10},"end":{"line":207,"column":11}},"56":{"start":{"line":205,"column":12},"end":{"line":205,"column":39}},"57":{"start":{"line":206,"column":12},"end":{"line":206,"column":47}},"58":{"start":{"line":208,"column":10},"end":{"line":211,"column":11}},"59":{"start":{"line":209,"column":12},"end":{"line":209,"column":45}},"60":{"start":{"line":210,"column":12},"end":{"line":210,"column":35}},"61":{"start":{"line":213,"column":10},"end":{"line":216,"column":64}},"62":{"start":{"line":218,"column":10},"end":{"line":218,"column":43}},"63":{"start":{"line":223,"column":22},"end":{"line":223,"column":39}},"64":{"start":{"line":224,"column":21},"end":{"line":224,"column":67}},"65":{"start":{"line":227,"column":6},"end":{"line":237,"column":8}},"66":{"start":{"line":239,"column":6},"end":{"line":253,"column":7}},"67":{"start":{"line":240,"column":8},"end":{"line":252,"column":9}},"68":{"start":{"line":241,"column":24},"end":{"line":241,"column":67}},"69":{"start":{"line":241,"column":50},"end":{"line":241,"column":66}},"70":{"start":{"line":242,"column":10},"end":{"line":251,"column":11}},"71":{"start":{"line":243,"column":12},"end":{"line":250,"column":14}},"72":{"start":{"line":255,"column":6},"end":{"line":261,"column":8}},"73":{"start":{"line":263,"column":6},"end":{"line":270,"column":8}},"74":{"start":{"line":273,"column":4},"end":{"line":282,"column":6}},"75":{"start":{"line":285,"column":4},"end":{"line":285,"column":97}},"76":{"start":{"line":286,"column":4},"end":{"line":294,"column":6}}},"fnMap":{"0":{"name":"getMondayAtual","decl":{"start":{"line":75,"column":9},"end":{"line":75,"column":23}},"loc":{"start":{"line":75,"column":23},"end":{"line":82,"column":1}}},"1":{"name":"calcularNivelInteracao","decl":{"start":{"line":84,"column":9},"end":{"line":84,"column":31}},"loc":{"start":{"line":84,"column":55},"end":{"line":89,"column":1}}},"2":{"name":"verificarBadgesDesbloqueadas","decl":{"start":{"line":91,"column":9},"end":{"line":91,"column":37}},"loc":{"start":{"line":91,"column":71},"end":{"line":95,"column":1}}},"3":{"name":"(anonymous_4)","decl":{"start":{"line":93,"column":12},"end":{"line":93,"column":13}},"loc":{"start":{"line":93,"column":19},"end":{"line":93,"column":73}}},"4":{"name":"(anonymous_5)","decl":{"start":{"line":94,"column":9},"end":{"line":94,"column":10}},"loc":{"start":{"line":94,"column":16},"end":{"line":94,"column":20}}},"5":{"name":"emitXpEvent","decl":{"start":{"line":105,"column":22},"end":{"line":105,"column":33}},"loc":{"start":{"line":105,"column":49},"end":{"line":296,"column":1}}},"6":{"name":"(anonymous_7)","decl":{"start":{"line":112,"column":43},"end":{"line":112,"column":48}},"loc":{"start":{"line":112,"column":56},"end":{"line":271,"column":5}}},"7":{"name":"(anonymous_8)","decl":{"start":{"line":241,"column":43},"end":{"line":241,"column":44}},"loc":{"start":{"line":241,"column":50},"end":{"line":241,"column":66}}}},"branchMap":{"0":{"loc":{"start":{"line":78,"column":38},"end":{"line":78,"column":56}},"type":"cond-expr","locations":[{"start":{"line":78,"column":50},"end":{"line":78,"column":52}},{"start":{"line":78,"column":55},"end":{"line":78,"column":56}}]},"1":{"loc":{"start":{"line":86,"column":4},"end":{"line":86,"column":75}},"type":"if","locations":[{"start":{"line":86,"column":4},"end":{"line":86,"column":75}},{"start":{},"end":{}}]},"2":{"loc":{"start":{"line":93,"column":19},"end":{"line":93,"column":73}},"type":"binary-expr","locations":[{"start":{"line":93,"column":19},"end":{"line":93,"column":43}},{"start":{"line":93,"column":47},"end":{"line":93,"column":73}}]},"3":{"loc":{"start":{"line":124,"column":6},"end":{"line":156,"column":7}},"type":"if","locations":[{"start":{"line":124,"column":6},"end":{"line":156,"column":7}},{"start":{"line":138,"column":13},"end":{"line":156,"column":7}}]},"4":{"loc":{"start":{"line":139,"column":25},"end":{"line":139,"column":57}},"type":"binary-expr","locations":[{"start":{"line":139,"column":25},"end":{"line":139,"column":49}},{"start":{"line":139,"column":53},"end":{"line":139,"column":57}}]},"5":{"loc":{"start":{"line":140,"column":25},"end":{"line":142,"column":15}},"type":"cond-expr","locations":[{"start":{"line":141,"column":12},"end":{"line":141,"column":94}},{"start":{"line":142,"column":12},"end":{"line":142,"column":15}}]},"6":{"loc":{"start":{"line":144,"column":21},"end":{"line":146,"column":22}},"type":"cond-expr","locations":[{"start":{"line":144,"column":39},"end":{"line":144,"column":62}},{"start":{"line":145,"column":21},"end":{"line":146,"column":22}}]},"7":{"loc":{"start":{"line":144,"column":39},"end":{"line":144,"column":62}},"type":"binary-expr","locations":[{"start":{"line":144,"column":39},"end":{"line":144,"column":57}},{"start":{"line":144,"column":61},"end":{"line":144,"column":62}}]},"8":{"loc":{"start":{"line":145,"column":21},"end":{"line":146,"column":22}},"type":"cond-expr","locations":[{"start":{"line":145,"column":38},"end":{"line":145,"column":67}},{"start":{"line":146,"column":21},"end":{"line":146,"column":22}}]},"9":{"loc":{"start":{"line":145,"column":39},"end":{"line":145,"column":62}},"type":"binary-expr","locations":[{"start":{"line":145,"column":39},"end":{"line":145,"column":57}},{"start":{"line":145,"column":61},"end":{"line":145,"column":62}}]},"10":{"loc":{"start":{"line":149,"column":22},"end":{"line":149,"column":42}},"type":"binary-expr","locations":[{"start":{"line":149,"column":22},"end":{"line":149,"column":37}},{"start":{"line":149,"column":41},"end":{"line":149,"column":42}}]},"11":{"loc":{"start":{"line":150,"column":21},"end":{"line":150,"column":82}},"type":"cond-expr","locations":[{"start":{"line":150,"column":37},"end":{"line":150,"column":44}},{"start":{"line":150,"column":47},"end":{"line":150,"column":82}}]},"12":{"loc":{"start":{"line":150,"column":48},"end":{"line":150,"column":71}},"type":"binary-expr","locations":[{"start":{"line":150,"column":48},"end":{"line":150,"column":66}},{"start":{"line":150,"column":70},"end":{"line":150,"column":71}}]},"13":{"loc":{"start":{"line":164,"column":8},"end":{"line":166,"column":36}},"type":"binary-expr","locations":[{"start":{"line":164,"column":8},"end":{"line":164,"column":35}},{"start":{"line":165,"column":8},"end":{"line":165,"column":38}},{"start":{"line":166,"column":8},"end":{"line":166,"column":36}}]},"14":{"loc":{"start":{"line":168,"column":6},"end":{"line":220,"column":7}},"type":"if","locations":[{"start":{"line":168,"column":6},"end":{"line":220,"column":7}},{"start":{},"end":{}}]},"15":{"loc":{"start":{"line":168,"column":10},"end":{"line":168,"column":37}},"type":"binary-expr","locations":[{"start":{"line":168,"column":10},"end":{"line":168,"column":17}},{"start":{"line":168,"column":21},"end":{"line":168,"column":37}}]},"16":{"loc":{"start":{"line":175,"column":8},"end":{"line":219,"column":9}},"type":"if","locations":[{"start":{"line":175,"column":8},"end":{"line":219,"column":9}},{"start":{"line":189,"column":15},"end":{"line":219,"column":9}}]},"17":{"loc":{"start":{"line":183,"column":28},"end":{"line":183,"column":60}},"type":"cond-expr","locations":[{"start":{"line":183,"column":43},"end":{"line":183,"column":53}},{"start":{"line":183,"column":56},"end":{"line":183,"column":60}}]},"18":{"loc":{"start":{"line":184,"column":29},"end":{"line":184,"column":64}},"type":"cond-expr","locations":[{"start":{"line":184,"column":59},"end":{"line":184,"column":60}},{"start":{"line":184,"column":63},"end":{"line":184,"column":64}}]},"19":{"loc":{"start":{"line":191,"column":12},"end":{"line":193,"column":46}},"type":"cond-expr","locations":[{"start":{"line":192,"column":16},"end":{"line":192,"column":50}},{"start":{"line":193,"column":16},"end":{"line":193,"column":46}}]},"20":{"loc":{"start":{"line":204,"column":10},"end":{"line":207,"column":11}},"type":"if","locations":[{"start":{"line":204,"column":10},"end":{"line":207,"column":11}},{"start":{},"end":{}}]},"21":{"loc":{"start":{"line":204,"column":14},"end":{"line":204,"column":76}},"type":"binary-expr","locations":[{"start":{"line":204,"column":14},"end":{"line":204,"column":44}},{"start":{"line":204,"column":48},"end":{"line":204,"column":76}}]},"22":{"loc":{"start":{"line":208,"column":10},"end":{"line":211,"column":11}},"type":"if","locations":[{"start":{"line":208,"column":10},"end":{"line":211,"column":11}},{"start":{},"end":{}}]},"23":{"loc":{"start":{"line":208,"column":14},"end":{"line":208,"column":55}},"type":"binary-expr","locations":[{"start":{"line":208,"column":14},"end":{"line":208,"column":23}},{"start":{"line":208,"column":27},"end":{"line":208,"column":55}}]},"24":{"loc":{"start":{"line":239,"column":6},"end":{"line":253,"column":7}},"type":"if","locations":[{"start":{"line":239,"column":6},"end":{"line":253,"column":7}},{"start":{},"end":{}}]},"25":{"loc":{"start":{"line":242,"column":10},"end":{"line":251,"column":11}},"type":"if","locations":[{"start":{"line":242,"column":10},"end":{"line":251,"column":11}},{"start":{},"end":{}}]},"26":{"loc":{"start":{"line":293,"column":12},"end":{"line":293,"column":63}},"type":"cond-expr","locations":[{"start":{"line":293,"column":36},"end":{"line":293,"column":48}},{"start":{"line":293,"column":51},"end":{"line":293,"column":63}}]}},"s":{"0":1,"1":1,"2":1,"3":1,"4":1,"5":1,"6":1,"7":1,"8":1,"9":0,"10":0,"11":0,"12":0,"13":0,"14":0,"15":0,"16":0,"17":0,"18":0,"19":0,"20":0,"21":0,"22":0,"23":0,"24":0,"25":0,"26":0,"27":0,"28":0,"29":0,"30":0,"31":0,"32":0,"33":0,"34":0,"35":0,"36":0,"37":0,"38":0,"39":0,"40":0,"41":0,"42":0,"43":0,"44":0,"45":0,"46":0,"47":0,"48":0,"49":0,"50":0,"51":0,"52":0,"53":0,"54":0,"55":0,"56":0,"57":0,"58":0,"59":0,"60":0,"61":0,"62":0,"63":0,"64":0,"65":0,"66":0,"67":0,"68":0,"69":0,"70":0,"71":0,"72":0,"73":0,"74":0,"75":0,"76":0},"f":{"0":0,"1":0,"2":0,"3":0,"4":0,"5":0,"6":0,"7":0},"b":{"0":[0,0],"1":[0,0],"2":[0,0],"3":[0,0],"4":[0,0],"5":[0,0],"6":[0,0],"7":[0,0],"8":[0,0],"9":[0,0],"10":[0,0],"11":[0,0],"12":[0,0],"13":[0,0,0],"14":[0,0],"15":[0,0],"16":[0,0],"17":[0,0],"18":[0,0],"19":[0,0],"20":[0,0],"21":[0,0],"22":[0,0],"23":[0,0],"24":[0,0],"25":[0,0],"26":[0,0]}}
,"C:\\Users\\REGINALDO\\Desktop\\AI-KIDS-OFICIAL\\src\\lib\\xp.ts": {"path":"C:\\Users\\REGINALDO\\Desktop\\AI-KIDS-OFICIAL\\src\\lib\\xp.ts","statementMap":{"0":{"start":{"line":37,"column":0},"end":{"line":37,"column":7}},"1":{"start":{"line":1,"column":0},"end":{"line":1,"column":30}},"2":{"start":{"line":2,"column":0},"end":{"line":2,"column":41}},"3":{"start":{"line":3,"column":0},"end":{"line":3,"column":33}},"4":{"start":{"line":4,"column":0},"end":{"line":4,"column":28}},"5":{"start":{"line":6,"column":13},"end":{"line":26,"column":11}},"6":{"start":{"line":29,"column":14},"end":{"line":29,"column":24}},"7":{"start":{"line":30,"column":14},"end":{"line":30,"column":26}},"8":{"start":{"line":31,"column":15},"end":{"line":31,"column":57}},"9":{"start":{"line":32,"column":17},"end":{"line":32,"column":30}},"10":{"start":{"line":33,"column":2},"end":{"line":33,"column":23}},"11":{"start":{"line":34,"column":2},"end":{"line":34,"column":44}},"12":{"start":{"line":38,"column":16},"end":{"line":38,"column":54}},"13":{"start":{"line":39,"column":17},"end":{"line":39,"column":41}},"14":{"start":{"line":41,"column":19},"end":{"line":41,"column":91}},"15":{"start":{"line":43,"column":2},"end":{"line":54,"column":3}},"16":{"start":{"line":44,"column":4},"end":{"line":52,"column":7}},"17":{"start":{"line":53,"column":4},"end":{"line":53,"column":11}},"18":{"start":{"line":56,"column":17},"end":{"line":56,"column":28}},"19":{"start":{"line":57,"column":19},"end":{"line":57,"column":50}},"20":{"start":{"line":58,"column":19},"end":{"line":58,"column":47}},"21":{"start":{"line":60,"column":19},"end":{"line":62,"column":9}},"22":{"start":{"line":65,"column":4},"end":{"line":66,"column":47}},"23":{"start":{"line":68,"column":20},"end":{"line":68,"column":78}},"24":{"start":{"line":70,"column":2},"end":{"line":76,"column":38}}},"fnMap":{"0":{"name":"getMondayOfCurrentWeek","decl":{"start":{"line":28,"column":9},"end":{"line":28,"column":31}},"loc":{"start":{"line":28,"column":31},"end":{"line":35,"column":1}}},"1":{"name":"addXp","decl":{"start":{"line":37,"column":22},"end":{"line":37,"column":27}},"loc":{"start":{"line":37,"column":75},"end":{"line":77,"column":1}}}},"branchMap":{"0":{"loc":{"start":{"line":31,"column":38},"end":{"line":31,"column":56}},"type":"cond-expr","locations":[{"start":{"line":31,"column":50},"end":{"line":31,"column":52}},{"start":{"line":31,"column":55},"end":{"line":31,"column":56}}]},"1":{"loc":{"start":{"line":43,"column":2},"end":{"line":54,"column":3}},"type":"if","locations":[{"start":{"line":43,"column":2},"end":{"line":54,"column":3}},{"start":{},"end":{}}]},"2":{"loc":{"start":{"line":57,"column":19},"end":{"line":57,"column":50}},"type":"binary-expr","locations":[{"start":{"line":57,"column":19},"end":{"line":57,"column":42}},{"start":{"line":57,"column":46},"end":{"line":57,"column":50}}]},"3":{"loc":{"start":{"line":58,"column":19},"end":{"line":58,"column":47}},"type":"binary-expr","locations":[{"start":{"line":58,"column":19},"end":{"line":58,"column":39}},{"start":{"line":58,"column":43},"end":{"line":58,"column":47}}]},"4":{"loc":{"start":{"line":60,"column":19},"end":{"line":62,"column":9}},"type":"cond-expr","locations":[{"start":{"line":61,"column":6},"end":{"line":61,"column":87}},{"start":{"line":62,"column":6},"end":{"line":62,"column":9}}]},"5":{"loc":{"start":{"line":65,"column":4},"end":{"line":66,"column":47}},"type":"cond-expr","locations":[{"start":{"line":65,"column":21},"end":{"line":65,"column":39}},{"start":{"line":66,"column":4},"end":{"line":66,"column":47}}]},"6":{"loc":{"start":{"line":66,"column":4},"end":{"line":66,"column":47}},"type":"cond-expr","locations":[{"start":{"line":66,"column":21},"end":{"line":66,"column":43}},{"start":{"line":66,"column":46},"end":{"line":66,"column":47}}]},"7":{"loc":{"start":{"line":68,"column":20},"end":{"line":68,"column":78}},"type":"cond-expr","locations":[{"start":{"line":68,"column":42},"end":{"line":68,"column":48}},{"start":{"line":68,"column":51},"end":{"line":68,"column":78}}]}},"s":{"0":2,"1":2,"2":2,"3":2,"4":2,"5":2,"6":0,"7":0,"8":0,"9":0,"10":0,"11":0,"12":0,"13":0,"14":0,"15":0,"16":0,"17":0,"18":0,"19":0,"20":0,"21":0,"22":0,"23":0,"24":0},"f":{"0":0,"1":0},"b":{"0":[0,0],"1":[0,0],"2":[0,0],"3":[0,0],"4":[0,0],"5":[0,0],"6":[0,0],"7":[0,0]}}
,"C:\\Users\\REGINALDO\\Desktop\\AI-KIDS-OFICIAL\\src\\lib\\db\\index.ts": {"path":"C:\\Users\\REGINALDO\\Desktop\\AI-KIDS-OFICIAL\\src\\lib\\db\\index.ts","statementMap":{"0":{"start":{"line":42,"column":26},"end":{"line":42,"column":31}},"1":{"start":{"line":1,"column":0},"end":{"line":1,"column":45}},"2":{"start":{"line":2,"column":0},"end":{"line":2,"column":35}},"3":{"start":{"line":3,"column":0},"end":{"line":3,"column":35}},"4":{"start":{"line":4,"column":0},"end":{"line":4,"column":21}},"5":{"start":{"line":10,"column":2},"end":{"line":10,"column":40}},"6":{"start":{"line":10,"column":13},"end":{"line":10,"column":40}},"7":{"start":{"line":12,"column":14},"end":{"line":12,"column":38}},"8":{"start":{"line":13,"column":2},"end":{"line":17,"column":3}},"9":{"start":{"line":14,"column":4},"end":{"line":16,"column":6}},"10":{"start":{"line":19,"column":17},"end":{"line":19,"column":29}},"11":{"start":{"line":21,"column":2},"end":{"line":31,"column":5}},"12":{"start":{"line":33,"column":2},"end":{"line":33,"column":29}},"13":{"start":{"line":37,"column":2},"end":{"line":37,"column":52}},"14":{"start":{"line":37,"column":11},"end":{"line":37,"column":52}},"15":{"start":{"line":38,"column":2},"end":{"line":38,"column":56}},"16":{"start":{"line":39,"column":2},"end":{"line":39,"column":43}},"17":{"start":{"line":44,"column":13},"end":{"line":56,"column":2}},"18":{"start":{"line":48,"column":23},"end":{"line":48,"column":38}},"19":{"start":{"line":49,"column":21},"end":{"line":49,"column":83}},"20":{"start":{"line":50,"column":6},"end":{"line":52,"column":7}},"21":{"start":{"line":51,"column":8},"end":{"line":51,"column":50}},"22":{"start":{"line":53,"column":6},"end":{"line":53,"column":19}},"23":{"start":{"line":58,"column":13},"end":{"line":67,"column":3}},"24":{"start":{"line":60,"column":14},"end":{"line":60,"column":23}},"25":{"start":{"line":61,"column":19},"end":{"line":61,"column":74}},"26":{"start":{"line":62,"column":4},"end":{"line":64,"column":5}},"27":{"start":{"line":63,"column":6},"end":{"line":63,"column":41}},"28":{"start":{"line":65,"column":4},"end":{"line":65,"column":17}}},"fnMap":{"0":{"name":"getPool","decl":{"start":{"line":9,"column":9},"end":{"line":9,"column":16}},"loc":{"start":{"line":9,"column":16},"end":{"line":34,"column":1}}},"1":{"name":"getDbInstance","decl":{"start":{"line":36,"column":9},"end":{"line":36,"column":22}},"loc":{"start":{"line":36,"column":22},"end":{"line":40,"column":1}}},"2":{"name":"(anonymous_12)","decl":{"start":{"line":47,"column":4},"end":{"line":47,"column":7}},"loc":{"start":{"line":47,"column":21},"end":{"line":54,"column":5}}},"3":{"name":"(anonymous_13)","decl":{"start":{"line":59,"column":2},"end":{"line":59,"column":5}},"loc":{"start":{"line":59,"column":19},"end":{"line":66,"column":3}}}},"branchMap":{"0":{"loc":{"start":{"line":10,"column":2},"end":{"line":10,"column":40}},"type":"if","locations":[{"start":{"line":10,"column":2},"end":{"line":10,"column":40}},{"start":{},"end":{}}]},"1":{"loc":{"start":{"line":13,"column":2},"end":{"line":17,"column":3}},"type":"if","locations":[{"start":{"line":13,"column":2},"end":{"line":17,"column":3}},{"start":{},"end":{}}]},"2":{"loc":{"start":{"line":23,"column":19},"end":{"line":23,"column":40}},"type":"binary-expr","locations":[{"start":{"line":23,"column":19},"end":{"line":23,"column":30}},{"start":{"line":23,"column":34},"end":{"line":23,"column":40}}]},"3":{"loc":{"start":{"line":37,"column":2},"end":{"line":37,"column":52}},"type":"if","locations":[{"start":{"line":37,"column":2},"end":{"line":37,"column":52}},{"start":{},"end":{}}]},"4":{"loc":{"start":{"line":50,"column":6},"end":{"line":52,"column":7}},"type":"if","locations":[{"start":{"line":50,"column":6},"end":{"line":52,"column":7}},{"start":{},"end":{}}]},"5":{"loc":{"start":{"line":62,"column":4},"end":{"line":64,"column":5}},"type":"if","locations":[{"start":{"line":62,"column":4},"end":{"line":64,"column":5}},{"start":{},"end":{}}]}},"s":{"0":2,"1":2,"2":2,"3":2,"4":2,"5":0,"6":0,"7":0,"8":0,"9":0,"10":0,"11":0,"12":0,"13":0,"14":0,"15":0,"16":0,"17":2,"18":0,"19":0,"20":0,"21":0,"22":0,"23":2,"24":0,"25":0,"26":0,"27":0,"28":0},"f":{"0":0,"1":0,"2":0,"3":0},"b":{"0":[0,0],"1":[0,0],"2":[0,0],"3":[0,0],"4":[0,0],"5":[0,0]}}
,"C:\\Users\\REGINALDO\\Desktop\\AI-KIDS-OFICIAL\\src\\lib\\db\\schema.ts": {"path":"C:\\Users\\REGINALDO\\Desktop\\AI-KIDS-OFICIAL\\src\\lib\\db\\schema.ts","statementMap":{"0":{"start":{"line":1,"column":0},"end":{"line":1,"column":163}},"1":{"start":{"line":4,"column":13},"end":{"line":20,"column":3}},"2":{"start":{"line":25,"column":13},"end":{"line":36,"column":3}},"3":{"start":{"line":41,"column":13},"end":{"line":54,"column":3}},"4":{"start":{"line":59,"column":13},"end":{"line":72,"column":3}},"5":{"start":{"line":77,"column":13},"end":{"line":83,"column":3}},"6":{"start":{"line":88,"column":13},"end":{"line":95,"column":3}},"7":{"start":{"line":100,"column":13},"end":{"line":109,"column":3}},"8":{"start":{"line":114,"column":13},"end":{"line":125,"column":3}},"9":{"start":{"line":130,"column":13},"end":{"line":130,"column":83}},"10":{"start":{"line":131,"column":13},"end":{"line":131,"column":111}},"11":{"start":{"line":132,"column":13},"end":{"line":132,"column":81}},"12":{"start":{"line":133,"column":13},"end":{"line":133,"column":93}},"13":{"start":{"line":140,"column":13},"end":{"line":155,"column":2}},"14":{"start":{"line":152,"column":14},"end":{"line":154,"column":4}},"15":{"start":{"line":160,"column":13},"end":{"line":174,"column":2}},"16":{"start":{"line":163,"column":62},"end":{"line":163,"column":74}},"17":{"start":{"line":171,"column":14},"end":{"line":173,"column":4}},"18":{"start":{"line":179,"column":13},"end":{"line":188,"column":3}},"19":{"start":{"line":181,"column":60},"end":{"line":181,"column":72}},"20":{"start":{"line":192,"column":13},"end":{"line":205,"column":3}},"21":{"start":{"line":210,"column":13},"end":{"line":217,"column":3}},"22":{"start":{"line":222,"column":13},"end":{"line":231,"column":3}},"23":{"start":{"line":241,"column":13},"end":{"line":248,"column":11}},"24":{"start":{"line":250,"column":13},"end":{"line":255,"column":11}},"25":{"start":{"line":274,"column":13},"end":{"line":303,"column":2}},"26":{"start":{"line":284,"column":69},"end":{"line":284,"column":71}},"27":{"start":{"line":293,"column":25},"end":{"line":293,"column":27}},"28":{"start":{"line":298,"column":10},"end":{"line":302,"column":4}},"29":{"start":{"line":313,"column":13},"end":{"line":345,"column":2}},"30":{"start":{"line":317,"column":55},"end":{"line":317,"column":63}},"31":{"start":{"line":337,"column":10},"end":{"line":344,"column":4}},"32":{"start":{"line":356,"column":13},"end":{"line":386,"column":2}},"33":{"start":{"line":374,"column":25},"end":{"line":374,"column":27}},"34":{"start":{"line":379,"column":10},"end":{"line":385,"column":4}},"35":{"start":{"line":396,"column":13},"end":{"line":416,"column":2}},"36":{"start":{"line":400,"column":61},"end":{"line":400,"column":69}},"37":{"start":{"line":402,"column":24},"end":{"line":402,"column":44}},"38":{"start":{"line":408,"column":10},"end":{"line":415,"column":4}},"39":{"start":{"line":425,"column":13},"end":{"line":430,"column":11}},"40":{"start":{"line":442,"column":13},"end":{"line":481,"column":2}},"41":{"start":{"line":448,"column":24},"end":{"line":448,"column":32}},"42":{"start":{"line":459,"column":62},"end":{"line":459,"column":64}},"43":{"start":{"line":460,"column":82},"end":{"line":460,"column":84}},"44":{"start":{"line":470,"column":10},"end":{"line":480,"column":4}},"45":{"start":{"line":490,"column":13},"end":{"line":525,"column":2}},"46":{"start":{"line":496,"column":24},"end":{"line":496,"column":32}},"47":{"start":{"line":499,"column":68},"end":{"line":499,"column":70}},"48":{"start":{"line":505,"column":68},"end":{"line":505,"column":77}},"49":{"start":{"line":508,"column":55},"end":{"line":508,"column":57}},"50":{"start":{"line":519,"column":10},"end":{"line":524,"column":4}},"51":{"start":{"line":534,"column":13},"end":{"line":545,"column":3}},"52":{"start":{"line":553,"column":13},"end":{"line":560,"column":11}},"53":{"start":{"line":563,"column":13},"end":{"line":570,"column":11}},"54":{"start":{"line":573,"column":13},"end":{"line":578,"column":11}},"55":{"start":{"line":581,"column":13},"end":{"line":581,"column":80}},"56":{"start":{"line":590,"column":13},"end":{"line":624,"column":2}},"57":{"start":{"line":606,"column":62},"end":{"line":606,"column":64}},"58":{"start":{"line":609,"column":58},"end":{"line":609,"column":60}},"59":{"start":{"line":619,"column":10},"end":{"line":623,"column":4}},"60":{"start":{"line":634,"column":13},"end":{"line":673,"column":2}},"61":{"start":{"line":650,"column":82},"end":{"line":650,"column":84}},"62":{"start":{"line":667,"column":10},"end":{"line":672,"column":4}},"63":{"start":{"line":683,"column":13},"end":{"line":689,"column":11}},"64":{"start":{"line":692,"column":13},"end":{"line":712,"column":2}},"65":{"start":{"line":703,"column":10},"end":{"line":711,"column":4}},"66":{"start":{"line":719,"column":13},"end":{"line":725,"column":3}}},"fnMap":{"0":{"name":"(anonymous_0)","decl":{"start":{"line":152,"column":2},"end":{"line":152,"column":3}},"loc":{"start":{"line":152,"column":14},"end":{"line":154,"column":4}}},"1":{"name":"(anonymous_1)","decl":{"start":{"line":163,"column":56},"end":{"line":163,"column":59}},"loc":{"start":{"line":163,"column":62},"end":{"line":163,"column":74}}},"2":{"name":"(anonymous_2)","decl":{"start":{"line":171,"column":2},"end":{"line":171,"column":3}},"loc":{"start":{"line":171,"column":14},"end":{"line":173,"column":4}}},"3":{"name":"(anonymous_3)","decl":{"start":{"line":181,"column":54},"end":{"line":181,"column":57}},"loc":{"start":{"line":181,"column":60},"end":{"line":181,"column":72}}},"4":{"name":"(anonymous_4)","decl":{"start":{"line":284,"column":63},"end":{"line":284,"column":66}},"loc":{"start":{"line":284,"column":69},"end":{"line":284,"column":71}}},"5":{"name":"(anonymous_5)","decl":{"start":{"line":293,"column":18},"end":{"line":293,"column":21}},"loc":{"start":{"line":293,"column":25},"end":{"line":293,"column":27}}},"6":{"name":"(anonymous_6)","decl":{"start":{"line":298,"column":2},"end":{"line":298,"column":3}},"loc":{"start":{"line":298,"column":10},"end":{"line":302,"column":4}}},"7":{"name":"(anonymous_7)","decl":{"start":{"line":317,"column":49},"end":{"line":317,"column":52}},"loc":{"start":{"line":317,"column":55},"end":{"line":317,"column":63}}},"8":{"name":"(anonymous_8)","decl":{"start":{"line":337,"column":2},"end":{"line":337,"column":3}},"loc":{"start":{"line":337,"column":10},"end":{"line":344,"column":4}}},"9":{"name":"(anonymous_9)","decl":{"start":{"line":374,"column":18},"end":{"line":374,"column":21}},"loc":{"start":{"line":374,"column":25},"end":{"line":374,"column":27}}},"10":{"name":"(anonymous_10)","decl":{"start":{"line":379,"column":2},"end":{"line":379,"column":3}},"loc":{"start":{"line":379,"column":10},"end":{"line":385,"column":4}}},"11":{"name":"(anonymous_11)","decl":{"start":{"line":400,"column":55},"end":{"line":400,"column":58}},"loc":{"start":{"line":400,"column":61},"end":{"line":400,"column":69}}},"12":{"name":"(anonymous_12)","decl":{"start":{"line":402,"column":18},"end":{"line":402,"column":21}},"loc":{"start":{"line":402,"column":24},"end":{"line":402,"column":44}}},"13":{"name":"(anonymous_13)","decl":{"start":{"line":408,"column":2},"end":{"line":408,"column":3}},"loc":{"start":{"line":408,"column":10},"end":{"line":415,"column":4}}},"14":{"name":"(anonymous_14)","decl":{"start":{"line":448,"column":18},"end":{"line":448,"column":21}},"loc":{"start":{"line":448,"column":24},"end":{"line":448,"column":32}}},"15":{"name":"(anonymous_15)","decl":{"start":{"line":459,"column":56},"end":{"line":459,"column":59}},"loc":{"start":{"line":459,"column":62},"end":{"line":459,"column":64}}},"16":{"name":"(anonymous_16)","decl":{"start":{"line":460,"column":75},"end":{"line":460,"column":78}},"loc":{"start":{"line":460,"column":82},"end":{"line":460,"column":84}}},"17":{"name":"(anonymous_17)","decl":{"start":{"line":470,"column":2},"end":{"line":470,"column":3}},"loc":{"start":{"line":470,"column":10},"end":{"line":480,"column":4}}},"18":{"name":"(anonymous_18)","decl":{"start":{"line":496,"column":18},"end":{"line":496,"column":21}},"loc":{"start":{"line":496,"column":24},"end":{"line":496,"column":32}}},"19":{"name":"(anonymous_19)","decl":{"start":{"line":499,"column":62},"end":{"line":499,"column":65}},"loc":{"start":{"line":499,"column":68},"end":{"line":499,"column":70}}},"20":{"name":"(anonymous_20)","decl":{"start":{"line":505,"column":62},"end":{"line":505,"column":65}},"loc":{"start":{"line":505,"column":68},"end":{"line":505,"column":77}}},"21":{"name":"(anonymous_21)","decl":{"start":{"line":508,"column":49},"end":{"line":508,"column":52}},"loc":{"start":{"line":508,"column":55},"end":{"line":508,"column":57}}},"22":{"name":"(anonymous_22)","decl":{"start":{"line":519,"column":2},"end":{"line":519,"column":3}},"loc":{"start":{"line":519,"column":10},"end":{"line":524,"column":4}}},"23":{"name":"(anonymous_23)","decl":{"start":{"line":606,"column":56},"end":{"line":606,"column":59}},"loc":{"start":{"line":606,"column":62},"end":{"line":606,"column":64}}},"24":{"name":"(anonymous_24)","decl":{"start":{"line":609,"column":52},"end":{"line":609,"column":55}},"loc":{"start":{"line":609,"column":58},"end":{"line":609,"column":60}}},"25":{"name":"(anonymous_25)","decl":{"start":{"line":619,"column":2},"end":{"line":619,"column":3}},"loc":{"start":{"line":619,"column":10},"end":{"line":623,"column":4}}},"26":{"name":"(anonymous_26)","decl":{"start":{"line":650,"column":75},"end":{"line":650,"column":78}},"loc":{"start":{"line":650,"column":82},"end":{"line":650,"column":84}}},"27":{"name":"(anonymous_27)","decl":{"start":{"line":667,"column":2},"end":{"line":667,"column":3}},"loc":{"start":{"line":667,"column":10},"end":{"line":672,"column":4}}},"28":{"name":"(anonymous_28)","decl":{"start":{"line":703,"column":2},"end":{"line":703,"column":3}},"loc":{"start":{"line":703,"column":10},"end":{"line":711,"column":4}}}},"branchMap":{},"s":{"0":2,"1":2,"2":2,"3":2,"4":2,"5":2,"6":2,"7":2,"8":2,"9":2,"10":2,"11":2,"12":2,"13":2,"14":0,"15":2,"16":0,"17":0,"18":2,"19":0,"20":2,"21":2,"22":2,"23":2,"24":2,"25":2,"26":0,"27":0,"28":0,"29":2,"30":0,"31":0,"32":2,"33":0,"34":0,"35":2,"36":0,"37":0,"38":0,"39":2,"40":2,"41":0,"42":0,"43":0,"44":0,"45":2,"46":0,"47":0,"48":0,"49":0,"50":0,"51":2,"52":2,"53":2,"54":2,"55":2,"56":2,"57":0,"58":0,"59":0,"60":2,"61":0,"62":0,"63":2,"64":2,"65":0,"66":2},"f":{"0":0,"1":0,"2":0,"3":0,"4":0,"5":0,"6":0,"7":0,"8":0,"9":0,"10":0,"11":0,"12":0,"13":0,"14":0,"15":0,"16":0,"17":0,"18":0,"19":0,"20":0,"21":0,"22":0,"23":0,"24":0,"25":0,"26":0,"27":0,"28":0},"b":{}}
,"C:\\Users\\REGINALDO\\Desktop\\AI-KIDS-OFICIAL\\src\\lib\\navigation-hints\\beacon-factory.ts": {"path":"C:\\Users\\REGINALDO\\Desktop\\AI-KIDS-OFICIAL\\src\\lib\\navigation-hints\\beacon-factory.ts","statementMap":{"0":{"start":{"line":28,"column":0},"end":{"line":28,"column":16}},"1":{"start":{"line":53,"column":0},"end":{"line":53,"column":16}},"2":{"start":{"line":101,"column":0},"end":{"line":101,"column":16}},"3":{"start":{"line":117,"column":0},"end":{"line":117,"column":16}},"4":{"start":{"line":125,"column":0},"end":{"line":125,"column":16}},"5":{"start":{"line":135,"column":0},"end":{"line":135,"column":16}},"6":{"start":{"line":150,"column":0},"end":{"line":150,"column":16}},"7":{"start":{"line":187,"column":0},"end":{"line":187,"column":16}},"8":{"start":{"line":17,"column":0},"end":{"line":17,"column":58}},"9":{"start":{"line":18,"column":0},"end":{"line":18,"column":47}},"10":{"start":{"line":22,"column":20},"end":{"line":22,"column":21}},"11":{"start":{"line":29,"column":20},"end":{"line":29,"column":54}},"12":{"start":{"line":30,"column":16},"end":{"line":30,"column":44}},"13":{"start":{"line":31,"column":16},"end":{"line":31,"column":44}},"14":{"start":{"line":33,"column":2},"end":{"line":33,"column":18}},"15":{"start":{"line":35,"column":2},"end":{"line":46,"column":4}},"16":{"start":{"line":54,"column":2},"end":{"line":57,"column":30}},"17":{"start":{"line":55,"column":19},"end":{"line":55,"column":59}},"18":{"start":{"line":56,"column":20},"end":{"line":56,"column":43}},"19":{"start":{"line":66,"column":13},"end":{"line":73,"column":2}},"20":{"start":{"line":79,"column":13},"end":{"line":86,"column":2}},"21":{"start":{"line":92,"column":13},"end":{"line":96,"column":11}},"22":{"start":{"line":105,"column":17},"end":{"line":105,"column":54}},"23":{"start":{"line":106,"column":20},"end":{"line":106,"column":64}},"24":{"start":{"line":107,"column":17},"end":{"line":107,"column":41}},"25":{"start":{"line":109,"column":2},"end":{"line":109,"column":68}},"26":{"start":{"line":118,"column":2},"end":{"line":118,"column":38}},"27":{"start":{"line":118,"column":25},"end":{"line":118,"column":38}},"28":{"start":{"line":119,"column":2},"end":{"line":119,"column":48}},"29":{"start":{"line":126,"column":14},"end":{"line":126,"column":24}},"30":{"start":{"line":127,"column":2},"end":{"line":129,"column":4}},"31":{"start":{"line":128,"column":11},"end":{"line":128,"column":51}},"32":{"start":{"line":139,"column":17},"end":{"line":140,"column":null}},"33":{"start":{"line":140,"column":11},"end":{"line":140,"column":32}},"34":{"start":{"line":142,"column":2},"end":{"line":142,"column":39}},"35":{"start":{"line":142,"column":27},"end":{"line":142,"column":39}},"36":{"start":{"line":143,"column":2},"end":{"line":143,"column":59}},"37":{"start":{"line":143,"column":31},"end":{"line":143,"column":54}},"38":{"start":{"line":151,"column":22},"end":{"line":151,"column":59}},"39":{"start":{"line":152,"column":17},"end":{"line":152,"column":54}},"40":{"start":{"line":154,"column":2},"end":{"line":154,"column":59}},"41":{"start":{"line":163,"column":13},"end":{"line":179,"column":11}},"42":{"start":{"line":188,"column":20},"end":{"line":188,"column":79}},"43":{"start":{"line":189,"column":2},"end":{"line":200,"column":4}}},"fnMap":{"0":{"name":"generatePulseBeacon","decl":{"start":{"line":28,"column":16},"end":{"line":28,"column":35}},"loc":{"start":{"line":28,"column":56},"end":{"line":47,"column":1}}},"1":{"name":"generateBeacons","decl":{"start":{"line":53,"column":16},"end":{"line":53,"column":31}},"loc":{"start":{"line":53,"column":55},"end":{"line":58,"column":1}}},"2":{"name":"(anonymous_2)","decl":{"start":{"line":55,"column":12},"end":{"line":55,"column":13}},"loc":{"start":{"line":55,"column":19},"end":{"line":55,"column":59}}},"3":{"name":"(anonymous_3)","decl":{"start":{"line":56,"column":10},"end":{"line":56,"column":11}},"loc":{"start":{"line":56,"column":20},"end":{"line":56,"column":43}}},"4":{"name":"generateStatusLine","decl":{"start":{"line":101,"column":16},"end":{"line":101,"column":34}},"loc":{"start":{"line":103,"column":16},"end":{"line":110,"column":1}}},"5":{"name":"isBeaconExpired","decl":{"start":{"line":117,"column":16},"end":{"line":117,"column":31}},"loc":{"start":{"line":117,"column":68},"end":{"line":120,"column":1}}},"6":{"name":"getActiveBeacons","decl":{"start":{"line":125,"column":16},"end":{"line":125,"column":32}},"loc":{"start":{"line":125,"column":58},"end":{"line":130,"column":1}}},"7":{"name":"(anonymous_7)","decl":{"start":{"line":128,"column":4},"end":{"line":128,"column":5}},"loc":{"start":{"line":128,"column":11},"end":{"line":128,"column":51}}},"8":{"name":"getSectionBeacon","decl":{"start":{"line":135,"column":16},"end":{"line":135,"column":32}},"loc":{"start":{"line":137,"column":26},"end":{"line":144,"column":1}}},"9":{"name":"(anonymous_9)","decl":{"start":{"line":140,"column":4},"end":{"line":140,"column":5}},"loc":{"start":{"line":140,"column":11},"end":{"line":140,"column":32}}},"10":{"name":"(anonymous_10)","decl":{"start":{"line":143,"column":21},"end":{"line":143,"column":22}},"loc":{"start":{"line":143,"column":31},"end":{"line":143,"column":54}}},"11":{"name":"buildSuggestionText","decl":{"start":{"line":150,"column":16},"end":{"line":150,"column":35}},"loc":{"start":{"line":150,"column":58},"end":{"line":155,"column":1}}},"12":{"name":"presenceToBeacon","decl":{"start":{"line":187,"column":16},"end":{"line":187,"column":32}},"loc":{"start":{"line":187,"column":66},"end":{"line":201,"column":1}}}},"branchMap":{"0":{"loc":{"start":{"line":42,"column":20},"end":{"line":42,"column":41}},"type":"binary-expr","locations":[{"start":{"line":42,"column":20},"end":{"line":42,"column":29}},{"start":{"line":42,"column":33},"end":{"line":42,"column":41}}]},"1":{"loc":{"start":{"line":44,"column":15},"end":{"line":44,"column":64}},"type":"cond-expr","locations":[{"start":{"line":44,"column":37},"end":{"line":44,"column":57}},{"start":{"line":44,"column":60},"end":{"line":44,"column":64}}]},"2":{"loc":{"start":{"line":107,"column":17},"end":{"line":107,"column":41}},"type":"cond-expr","locations":[{"start":{"line":107,"column":25},"end":{"line":107,"column":31}},{"start":{"line":107,"column":34},"end":{"line":107,"column":41}}]},"3":{"loc":{"start":{"line":118,"column":2},"end":{"line":118,"column":38}},"type":"if","locations":[{"start":{"line":118,"column":2},"end":{"line":118,"column":38}},{"start":{},"end":{}}]},"4":{"loc":{"start":{"line":119,"column":10},"end":{"line":119,"column":27}},"type":"binary-expr","locations":[{"start":{"line":119,"column":10},"end":{"line":119,"column":13}},{"start":{"line":119,"column":17},"end":{"line":119,"column":27}}]},"5":{"loc":{"start":{"line":128,"column":11},"end":{"line":128,"column":51}},"type":"binary-expr","locations":[{"start":{"line":128,"column":11},"end":{"line":128,"column":23}},{"start":{"line":128,"column":27},"end":{"line":128,"column":51}}]},"6":{"loc":{"start":{"line":142,"column":2},"end":{"line":142,"column":39}},"type":"if","locations":[{"start":{"line":142,"column":2},"end":{"line":142,"column":39}},{"start":{},"end":{}}]},"7":{"loc":{"start":{"line":188,"column":20},"end":{"line":188,"column":79}},"type":"cond-expr","locations":[{"start":{"line":188,"column":34},"end":{"line":188,"column":42}},{"start":{"line":188,"column":45},"end":{"line":188,"column":79}}]},"8":{"loc":{"start":{"line":188,"column":45},"end":{"line":188,"column":79}},"type":"cond-expr","locations":[{"start":{"line":188,"column":58},"end":{"line":188,"column":68}},{"start":{"line":188,"column":71},"end":{"line":188,"column":79}}]},"9":{"loc":{"start":{"line":192,"column":23},"end":{"line":192,"column":55}},"type":"cond-expr","locations":[{"start":{"line":192,"column":37},"end":{"line":192,"column":44}},{"start":{"line":192,"column":47},"end":{"line":192,"column":55}}]},"10":{"loc":{"start":{"line":193,"column":75},"end":{"line":193,"column":98}},"type":"cond-expr","locations":[{"start":{"line":193,"column":89},"end":{"line":193,"column":91}},{"start":{"line":193,"column":94},"end":{"line":193,"column":98}}]}},"s":{"0":1,"1":1,"2":1,"3":1,"4":1,"5":1,"6":1,"7":1,"8":1,"9":1,"10":1,"11":0,"12":0,"13":0,"14":0,"15":0,"16":0,"17":0,"18":0,"19":1,"20":1,"21":1,"22":0,"23":0,"24":0,"25":0,"26":0,"27":0,"28":0,"29":0,"30":0,"31":0,"32":0,"33":0,"34":0,"35":0,"36":0,"37":0,"38":0,"39":0,"40":0,"41":1,"42":0,"43":0},"f":{"0":0,"1":0,"2":0,"3":0,"4":0,"5":0,"6":0,"7":0,"8":0,"9":0,"10":0,"11":0,"12":0},"b":{"0":[0,0],"1":[0,0],"2":[0,0],"3":[0,0],"4":[0,0],"5":[0,0],"6":[0,0],"7":[0,0],"8":[0,0],"9":[0,0],"10":[0,0]}}
,"C:\\Users\\REGINALDO\\Desktop\\AI-KIDS-OFICIAL\\src\\lib\\navigation-hints\\cross-section-handoff.ts": {"path":"C:\\Users\\REGINALDO\\Desktop\\AI-KIDS-OFICIAL\\src\\lib\\navigation-hints\\cross-section-handoff.ts","statementMap":{"0":{"start":{"line":30,"column":0},"end":{"line":30,"column":16}},"1":{"start":{"line":52,"column":0},"end":{"line":52,"column":16}},"2":{"start":{"line":62,"column":0},"end":{"line":62,"column":16}},"3":{"start":{"line":141,"column":0},"end":{"line":141,"column":16}},"4":{"start":{"line":191,"column":0},"end":{"line":191,"column":16}},"5":{"start":{"line":209,"column":0},"end":{"line":209,"column":16}},"6":{"start":{"line":40,"column":2},"end":{"line":46,"column":4}},"7":{"start":{"line":53,"column":2},"end":{"line":53,"column":54}},"8":{"start":{"line":70,"column":2},"end":{"line":77,"column":3}},"9":{"start":{"line":71,"column":4},"end":{"line":76,"column":6}},"10":{"start":{"line":79,"column":22},"end":{"line":79,"column":29}},"11":{"start":{"line":81,"column":2},"end":{"line":88,"column":4}},"12":{"start":{"line":85,"column":13},"end":{"line":85,"column":46}},"13":{"start":{"line":94,"column":43},"end":{"line":94,"column":50}},"14":{"start":{"line":97,"column":2},"end":{"line":99,"column":3}},"15":{"start":{"line":98,"column":4},"end":{"line":98,"column":16}},"16":{"start":{"line":101,"column":56},"end":{"line":108,"column":4}},"17":{"start":{"line":110,"column":61},"end":{"line":117,"column":4}},"18":{"start":{"line":119,"column":2},"end":{"line":121,"column":3}},"19":{"start":{"line":120,"column":4},"end":{"line":120,"column":149}},"20":{"start":{"line":123,"column":2},"end":{"line":123,"column":89}},"21":{"start":{"line":147,"column":2},"end":{"line":182,"column":4}},"22":{"start":{"line":149,"column":22},"end":{"line":149,"column":34}},"23":{"start":{"line":150,"column":20},"end":{"line":150,"column":37}},"24":{"start":{"line":152,"column":6},"end":{"line":152,"column":49}},"25":{"start":{"line":152,"column":42},"end":{"line":152,"column":49}},"26":{"start":{"line":155,"column":21},"end":{"line":155,"column":43}},"27":{"start":{"line":157,"column":22},"end":{"line":162,"column":8}},"28":{"start":{"line":164,"column":6},"end":{"line":164,"column":26}},"29":{"start":{"line":168,"column":22},"end":{"line":168,"column":34}},"30":{"start":{"line":169,"column":6},"end":{"line":169,"column":32}},"31":{"start":{"line":169,"column":20},"end":{"line":169,"column":32}},"32":{"start":{"line":170,"column":6},"end":{"line":173,"column":7}},"33":{"start":{"line":171,"column":8},"end":{"line":171,"column":25}},"34":{"start":{"line":172,"column":8},"end":{"line":172,"column":20}},"35":{"start":{"line":175,"column":6},"end":{"line":175,"column":23}},"36":{"start":{"line":176,"column":6},"end":{"line":176,"column":21}},"37":{"start":{"line":180,"column":6},"end":{"line":180,"column":23}},"38":{"start":{"line":192,"column":2},"end":{"line":192,"column":51}},"39":{"start":{"line":192,"column":37},"end":{"line":192,"column":51}},"40":{"start":{"line":194,"column":15},"end":{"line":194,"column":39}},"41":{"start":{"line":196,"column":2},"end":{"line":196,"column":50}},"42":{"start":{"line":196,"column":34},"end":{"line":196,"column":50}},"43":{"start":{"line":197,"column":2},"end":{"line":197,"column":46}},"44":{"start":{"line":197,"column":32},"end":{"line":197,"column":46}},"45":{"start":{"line":198,"column":2},"end":{"line":198,"column":84}},"46":{"start":{"line":198,"column":67},"end":{"line":198,"column":84}},"47":{"start":{"line":199,"column":2},"end":{"line":199,"column":44}},"48":{"start":{"line":199,"column":31},"end":{"line":199,"column":44}},"49":{"start":{"line":200,"column":2},"end":{"line":200,"column":16}},"50":{"start":{"line":212,"column":2},"end":{"line":217,"column":3}},"51":{"start":{"line":214,"column":27},"end":{"line":214,"column":49}},"52":{"start":{"line":215,"column":4},"end":{"line":215,"column":52}},"53":{"start":{"line":216,"column":4},"end":{"line":216,"column":47}}},"fnMap":{"0":{"name":"createHandoffPayload","decl":{"start":{"line":30,"column":16},"end":{"line":30,"column":36}},"loc":{"start":{"line":38,"column":3},"end":{"line":47,"column":1}}},"1":{"name":"isPayloadValid","decl":{"start":{"line":52,"column":16},"end":{"line":52,"column":30}},"loc":{"start":{"line":52,"column":59},"end":{"line":54,"column":1}}},"2":{"name":"processHandoff","decl":{"start":{"line":62,"column":16},"end":{"line":62,"column":30}},"loc":{"start":{"line":63,"column":30},"end":{"line":89,"column":1}}},"3":{"name":"(anonymous_3)","decl":{"start":{"line":85,"column":6},"end":{"line":85,"column":7}},"loc":{"start":{"line":85,"column":13},"end":{"line":85,"column":46}}},"4":{"name":"buildContinuationMessage","decl":{"start":{"line":91,"column":9},"end":{"line":91,"column":33}},"loc":{"start":{"line":92,"column":30},"end":{"line":124,"column":1}}},"5":{"name":"createHandoffProtocol","decl":{"start":{"line":141,"column":16},"end":{"line":141,"column":37}},"loc":{"start":{"line":145,"column":41},"end":{"line":183,"column":1}}},"6":{"name":"(anonymous_6)","decl":{"start":{"line":148,"column":4},"end":{"line":148,"column":8}},"loc":{"start":{"line":148,"column":37},"end":{"line":165,"column":5}}},"7":{"name":"(anonymous_7)","decl":{"start":{"line":167,"column":4},"end":{"line":167,"column":11}},"loc":{"start":{"line":167,"column":11},"end":{"line":177,"column":5}}},"8":{"name":"(anonymous_8)","decl":{"start":{"line":179,"column":4},"end":{"line":179,"column":9}},"loc":{"start":{"line":179,"column":9},"end":{"line":181,"column":5}}},"9":{"name":"detectCurrentSection","decl":{"start":{"line":191,"column":16},"end":{"line":191,"column":36}},"loc":{"start":{"line":191,"column":36},"end":{"line":201,"column":1}}},"10":{"name":"onBeforeNavigate","decl":{"start":{"line":209,"column":16},"end":{"line":209,"column":32}},"loc":{"start":{"line":209,"column":61},"end":{"line":218,"column":1}}}},"branchMap":{"0":{"loc":{"start":{"line":70,"column":2},"end":{"line":77,"column":3}},"type":"if","locations":[{"start":{"line":70,"column":2},"end":{"line":77,"column":3}},{"start":{},"end":{}}]},"1":{"loc":{"start":{"line":97,"column":2},"end":{"line":99,"column":3}},"type":"if","locations":[{"start":{"line":97,"column":2},"end":{"line":99,"column":3}},{"start":{},"end":{}}]},"2":{"loc":{"start":{"line":97,"column":6},"end":{"line":97,"column":72}},"type":"binary-expr","locations":[{"start":{"line":97,"column":6},"end":{"line":97,"column":31}},{"start":{"line":97,"column":35},"end":{"line":97,"column":72}}]},"3":{"loc":{"start":{"line":119,"column":2},"end":{"line":121,"column":3}},"type":"if","locations":[{"start":{"line":119,"column":2},"end":{"line":121,"column":3}},{"start":{},"end":{}}]},"4":{"loc":{"start":{"line":152,"column":6},"end":{"line":152,"column":49}},"type":"if","locations":[{"start":{"line":152,"column":6},"end":{"line":152,"column":49}},{"start":{},"end":{}}]},"5":{"loc":{"start":{"line":152,"column":10},"end":{"line":152,"column":40}},"type":"binary-expr","locations":[{"start":{"line":152,"column":10},"end":{"line":152,"column":18}},{"start":{"line":152,"column":22},"end":{"line":152,"column":40}}]},"6":{"loc":{"start":{"line":158,"column":19},"end":{"line":158,"column":45}},"type":"binary-expr","locations":[{"start":{"line":158,"column":19},"end":{"line":158,"column":37}},{"start":{"line":158,"column":41},"end":{"line":158,"column":45}}]},"7":{"loc":{"start":{"line":159,"column":26},"end":{"line":159,"column":61}},"type":"binary-expr","locations":[{"start":{"line":159,"column":26},"end":{"line":159,"column":53}},{"start":{"line":159,"column":57},"end":{"line":159,"column":61}}]},"8":{"loc":{"start":{"line":169,"column":6},"end":{"line":169,"column":32}},"type":"if","locations":[{"start":{"line":169,"column":6},"end":{"line":169,"column":32}},{"start":{},"end":{}}]},"9":{"loc":{"start":{"line":170,"column":6},"end":{"line":173,"column":7}},"type":"if","locations":[{"start":{"line":170,"column":6},"end":{"line":173,"column":7}},{"start":{},"end":{}}]},"10":{"loc":{"start":{"line":192,"column":2},"end":{"line":192,"column":51}},"type":"if","locations":[{"start":{"line":192,"column":2},"end":{"line":192,"column":51}},{"start":{},"end":{}}]},"11":{"loc":{"start":{"line":196,"column":2},"end":{"line":196,"column":50}},"type":"if","locations":[{"start":{"line":196,"column":2},"end":{"line":196,"column":50}},{"start":{},"end":{}}]},"12":{"loc":{"start":{"line":197,"column":2},"end":{"line":197,"column":46}},"type":"if","locations":[{"start":{"line":197,"column":2},"end":{"line":197,"column":46}},{"start":{},"end":{}}]},"13":{"loc":{"start":{"line":198,"column":2},"end":{"line":198,"column":84}},"type":"if","locations":[{"start":{"line":198,"column":2},"end":{"line":198,"column":84}},{"start":{},"end":{}}]},"14":{"loc":{"start":{"line":198,"column":6},"end":{"line":198,"column":65}},"type":"binary-expr","locations":[{"start":{"line":198,"column":6},"end":{"line":198,"column":33}},{"start":{"line":198,"column":37},"end":{"line":198,"column":65}}]},"15":{"loc":{"start":{"line":199,"column":2},"end":{"line":199,"column":44}},"type":"if","locations":[{"start":{"line":199,"column":2},"end":{"line":199,"column":44}},{"start":{},"end":{}}]},"16":{"loc":{"start":{"line":212,"column":2},"end":{"line":217,"column":3}},"type":"if","locations":[{"start":{"line":212,"column":2},"end":{"line":217,"column":3}},{"start":{},"end":{}}]}},"s":{"0":1,"1":1,"2":1,"3":1,"4":1,"5":1,"6":0,"7":0,"8":0,"9":0,"10":0,"11":0,"12":0,"13":0,"14":0,"15":0,"16":0,"17":0,"18":0,"19":0,"20":0,"21":0,"22":0,"23":0,"24":0,"25":0,"26":0,"27":0,"28":0,"29":0,"30":0,"31":0,"32":0,"33":0,"34":0,"35":0,"36":0,"37":0,"38":0,"39":0,"40":0,"41":0,"42":0,"43":0,"44":0,"45":0,"46":0,"47":0,"48":0,"49":0,"50":0,"51":0,"52":0,"53":0},"f":{"0":0,"1":0,"2":0,"3":0,"4":0,"5":0,"6":0,"7":0,"8":0,"9":0,"10":0},"b":{"0":[0,0],"1":[0,0],"2":[0,0],"3":[0,0],"4":[0,0],"5":[0,0],"6":[0,0],"7":[0,0],"8":[0,0],"9":[0,0],"10":[0,0],"11":[0,0],"12":[0,0],"13":[0,0],"14":[0,0],"15":[0,0],"16":[0,0]}}
,"C:\\Users\\REGINALDO\\Desktop\\AI-KIDS-OFICIAL\\src\\lib\\navigation-hints\\lab-state-machine.ts": {"path":"C:\\Users\\REGINALDO\\Desktop\\AI-KIDS-OFICIAL\\src\\lib\\navigation-hints\\lab-state-machine.ts","statementMap":{"0":{"start":{"line":30,"column":0},"end":{"line":30,"column":16}},"1":{"start":{"line":47,"column":0},"end":{"line":47,"column":16}},"2":{"start":{"line":164,"column":0},"end":{"line":164,"column":16}},"3":{"start":{"line":175,"column":0},"end":{"line":175,"column":16}},"4":{"start":{"line":186,"column":0},"end":{"line":186,"column":16}},"5":{"start":{"line":198,"column":0},"end":{"line":198,"column":16}},"6":{"start":{"line":206,"column":0},"end":{"line":206,"column":16}},"7":{"start":{"line":220,"column":0},"end":{"line":220,"column":16}},"8":{"start":{"line":19,"column":56},"end":{"line":26,"column":2}},"9":{"start":{"line":31,"column":2},"end":{"line":42,"column":4}},"10":{"start":{"line":59,"column":18},"end":{"line":59,"column":46}},"11":{"start":{"line":60,"column":2},"end":{"line":69,"column":3}},"12":{"start":{"line":61,"column":4},"end":{"line":63,"column":6}},"13":{"start":{"line":65,"column":4},"end":{"line":68,"column":7}},"14":{"start":{"line":71,"column":14},"end":{"line":71,"column":24}},"15":{"start":{"line":73,"column":32},"end":{"line":84,"column":4}},"16":{"start":{"line":86,"column":2},"end":{"line":86,"column":14}},"17":{"start":{"line":100,"column":2},"end":{"line":123,"column":3}},"18":{"start":{"line":102,"column":6},"end":{"line":102,"column":41}},"19":{"start":{"line":104,"column":21},"end":{"line":104,"column":48}},"20":{"start":{"line":105,"column":6},"end":{"line":105,"column":76}},"21":{"start":{"line":105,"column":31},"end":{"line":105,"column":76}},"22":{"start":{"line":106,"column":6},"end":{"line":106,"column":88}},"23":{"start":{"line":109,"column":21},"end":{"line":109,"column":48}},"24":{"start":{"line":110,"column":24},"end":{"line":110,"column":54}},"25":{"start":{"line":111,"column":23},"end":{"line":111,"column":52}},"26":{"start":{"line":112,"column":6},"end":{"line":112,"column":70}},"27":{"start":{"line":112,"column":31},"end":{"line":112,"column":70}},"28":{"start":{"line":113,"column":6},"end":{"line":113,"column":100}},"29":{"start":{"line":116,"column":6},"end":{"line":116,"column":43}},"30":{"start":{"line":118,"column":19},"end":{"line":118,"column":43}},"31":{"start":{"line":119,"column":6},"end":{"line":119,"column":74}},"32":{"start":{"line":122,"column":6},"end":{"line":122,"column":54}},"33":{"start":{"line":134,"column":2},"end":{"line":159,"column":3}},"34":{"start":{"line":136,"column":6},"end":{"line":136,"column":45}},"35":{"start":{"line":138,"column":21},"end":{"line":140,"column":26}},"36":{"start":{"line":139,"column":21},"end":{"line":139,"column":36}},"37":{"start":{"line":141,"column":6},"end":{"line":141,"column":61}},"38":{"start":{"line":144,"column":21},"end":{"line":146,"column":26}},"39":{"start":{"line":145,"column":21},"end":{"line":145,"column":36}},"40":{"start":{"line":147,"column":6},"end":{"line":147,"column":52}},"41":{"start":{"line":150,"column":20},"end":{"line":150,"column":51}},"42":{"start":{"line":151,"column":6},"end":{"line":151,"column":67}},"43":{"start":{"line":154,"column":20},"end":{"line":154,"column":51}},"44":{"start":{"line":155,"column":6},"end":{"line":155,"column":70}},"45":{"start":{"line":158,"column":6},"end":{"line":158,"column":72}},"46":{"start":{"line":168,"column":2},"end":{"line":168,"column":53}},"47":{"start":{"line":168,"column":42},"end":{"line":168,"column":53}},"48":{"start":{"line":169,"column":2},"end":{"line":172,"column":4}},"49":{"start":{"line":179,"column":2},"end":{"line":183,"column":4}},"50":{"start":{"line":181,"column":49},"end":{"line":181,"column":62}},"51":{"start":{"line":187,"column":2},"end":{"line":187,"column":46}},"52":{"start":{"line":187,"column":35},"end":{"line":187,"column":46}},"53":{"start":{"line":188,"column":2},"end":{"line":191,"column":4}},"54":{"start":{"line":196,"column":27},"end":{"line":196,"column":64}},"55":{"start":{"line":199,"column":2},"end":{"line":199,"column":45}},"56":{"start":{"line":199,"column":36},"end":{"line":199,"column":45}},"57":{"start":{"line":200,"column":16},"end":{"line":200,"column":41}},"58":{"start":{"line":201,"column":2},"end":{"line":201,"column":60}},"59":{"start":{"line":207,"column":15},"end":{"line":207,"column":66}},"60":{"start":{"line":208,"column":17},"end":{"line":210,"column":8}},"61":{"start":{"line":209,"column":47},"end":{"line":209,"column":62}},"62":{"start":{"line":211,"column":15},"end":{"line":213,"column":8}},"63":{"start":{"line":215,"column":2},"end":{"line":215,"column":55}},"64":{"start":{"line":221,"column":2},"end":{"line":221,"column":38}}},"fnMap":{"0":{"name":"createLabState","decl":{"start":{"line":30,"column":16},"end":{"line":30,"column":30}},"loc":{"start":{"line":30,"column":52},"end":{"line":43,"column":1}}},"1":{"name":"transition","decl":{"start":{"line":47,"column":16},"end":{"line":47,"column":26}},"loc":{"start":{"line":56,"column":3},"end":{"line":87,"column":1}}},"2":{"name":"buildStatusText","decl":{"start":{"line":91,"column":9},"end":{"line":91,"column":24}},"loc":{"start":{"line":98,"column":3},"end":{"line":124,"column":1}}},"3":{"name":"buildTechnicalDetail","decl":{"start":{"line":126,"column":9},"end":{"line":126,"column":29}},"loc":{"start":{"line":132,"column":3},"end":{"line":160,"column":1}}},"4":{"name":"(anonymous_4)","decl":{"start":{"line":139,"column":14},"end":{"line":139,"column":15}},"loc":{"start":{"line":139,"column":21},"end":{"line":139,"column":36}}},"5":{"name":"(anonymous_5)","decl":{"start":{"line":145,"column":14},"end":{"line":145,"column":15}},"loc":{"start":{"line":145,"col
[...]
,"C:\\Users\\REGINALDO\\Desktop\\AI-KIDS-OFICIAL\\src\\store\\useNavigationStore.ts": {"path":"C:\\Users\\REGINALDO\\Desktop\\AI-KIDS-OFICIAL\\src\\store\\useNavigationStore.ts","statementMap":{"0":{"start":{"line":15,"column":0},"end":{"line":15,"column":33}},"1":{"start":{"line":16,"column":0},"end":{"line":16,"column":64}},"2":{"start":{"line":27,"column":0},"end":{"line":27,"column":null}},"3":{"start":{"line":31,"column":0},"end":{"line":31,"column":null}},"4":{"start":{"line":41,"column":0},"end":{"line":41,"column":null}},"5":{"start":{"line":49,"column":0},"end":{"line":49,"column":null}},"6":{"start":{"line":148,"column":13},"end":{"line":339,"column":2}},"7":{"start":{"line":150,"column":19},"end":{"line":328,"column":6}},"8":{"start":{"line":161,"column":27},"end":{"line":161,"column":56}},"9":{"start":{"line":162,"column":8},"end":{"line":174,"column":11}},"10":{"start":{"line":164,"column":30},"end":{"line":164,"column":71}},"11":{"start":{"line":164,"column":60},"end":{"line":164,"column":69}},"12":{"start":{"line":165,"column":23},"end":{"line":166,"column":null}},"13":{"start":{"line":166,"column":19},"end":{"line":166,"column":62}},"14":{"start":{"line":168,"column":10},"end":{"line":173,"column":12}},"15":{"start":{"line":171,"column":24},"end":{"line":171,"column":47}},"16":{"start":{"line":178,"column":8},"end":{"line":180,"column":12}},"17":{"start":{"line":178,"column":24},"end":{"line":180,"column":10}},"18":{"start":{"line":179,"column":51},"end":{"line":179,"column":69}},"19":{"start":{"line":184,"column":8},"end":{"line":188,"column":12}},"20":{"start":{"line":184,"column":24},"end":{"line":188,"column":10}},"21":{"start":{"line":186,"column":12},"end":{"line":186,"column":61}},"22":{"start":{"line":192,"column":8},"end":{"line":194,"column":12}},"23":{"start":{"line":192,"column":24},"end":{"line":194,"column":10}},"24":{"start":{"line":200,"column":25},"end":{"line":200,"column":38}},"25":{"start":{"line":201,"column":8},"end":{"line":201,"column":63}},"26":{"start":{"line":201,"column":56},"end":{"line":201,"column":63}},"27":{"start":{"line":204,"column":23},"end":{"line":204,"column":47}},"28":{"start":{"line":205,"column":8},"end":{"line":208,"column":9}},"29":{"start":{"line":206,"column":10},"end":{"line":206,"column":35}},"30":{"start":{"line":207,"column":10},"end":{"line":207,"column":17}},"31":{"start":{"line":210,"column":24},"end":{"line":210,"column":47}},"32":{"start":{"line":211,"column":8},"end":{"line":211,"column":41}},"33":{"start":{"line":212,"column":8},"end":{"line":212,"column":25}},"34":{"start":{"line":216,"column":8},"end":{"line":221,"column":11}},"35":{"start":{"line":217,"column":10},"end":{"line":217,"column":43}},"36":{"start":{"line":217,"column":30},"end":{"line":217,"column":43}},"37":{"start":{"line":218,"column":26},"end":{"line":218,"column":79}},"38":{"start":{"line":219,"column":10},"end":{"line":219,"column":43}},"39":{"start":{"line":220,"column":10},"end":{"line":220,"column":38}},"40":{"start":{"line":225,"column":8},"end":{"line":230,"column":11}},"41":{"start":{"line":226,"column":10},"end":{"line":226,"column":43}},"42":{"start":{"line":226,"column":30},"end":{"line":226,"column":43}},"43":{"start":{"line":227,"column":26},"end":{"line":227,"column":58}},"44":{"start":{"line":228,"column":10},"end":{"line":228,"column":43}},"45":{"start":{"line":229,"column":10},"end":{"line":229,"column":38}},"46":{"start":{"line":234,"column":8},"end":{"line":239,"column":11}},"47":{"start":{"line":235,"column":10},"end":{"line":235,"column":43}},"48":{"start":{"line":235,"column":30},"end":{"line":235,"column":43}},"49":{"start":{"line":236,"column":26},"end":{"line":236,"column":61}},"50":{"start":{"line":237,"column":10},"end":{"line":237,"column":43}},"51":{"start":{"line":238,"column":10},"end":{"line":238,"column":38}},"52":{"start":{"line":243,"column":8},"end":{"line":248,"column":11}},"53":{"start":{"line":244,"column":10},"end":{"line":244,"column":43}},"54":{"start":{"line":244,"column":30},"end":{"line":244,"column":43}},"55":{"start":{"line":245,"column":26},"end":{"line":245,"column":73}},"56":{"start":{"line":246,"column":10},"end":{"line":246,"column":43}},"57":{"start":{"line":247,"column":10},"end":{"line":247,"column":38}},"58":{"start":{"line":252,"column":28},"end":{"line":252,"column":33}},"59":{"start":{"line":253,"column":8},"end":{"line":253,"column":34}},"60":{"start":{"line":253,"column":22},"end":{"line":253,"column":34}},"61":{"start":{"line":254,"column":8},"end":{"line":254,"column":45}},"62":{"start":{"line":260,"column":42},"end":{"line":260,"column":47}},"63":{"start":{"line":261,"column":8},"end":{"line":261,"column":58}},"64":{"start":{"line":261,"column":51},"end":{"line":261,"column":58}},"65":{"start":{"line":263,"column":23},"end":{"line":263,"column":45}},"66":{"start":{"line":264,"column":24},"end":{"line":269,"column":10}},"67":{"start":{"line":271,"column":8},"end":{"line":271,"column":41}},"68":{"start":{"line":275,"column":24},"end":{"line":275,"column":44}},"69":{"start":{"line":276,"column":8},"end":{"line":276,"column":34}},"70":{"start":{"line":276,"column":22},"end":{"line":276,"column":34}},"71":{"start":{"line":277,"column":8},"end":{"line":280,"column":9}},"72":{"start":{"line":278,"column":10},"end":{"line":278,"column":40}},"73":{"start":{"line":279,"column":10},"end":{"line":279,"column":22}},"74":{"start":{"line":281,"column":8},"end":{"line":281,"column":38}},"75":{"start":{"line":282,"column":8},"end":{"line":282,"column":23}},"76":{"start":{"line":286,"column":8},"end":{"line":286,"column":38}},"77":{"start":{"line":292,"column":8},"end":{"line":304,"column":11}},"78":{"start":{"line":293,"column":27},"end":{"line":295,"column":44}},"79":{"start":{"line":297,"column":10},"end":{"line":303,"column":12}},"80":{"start":{"line":308,"column":8},"end":{"line":310,"column":12}},"81":{"start":{"line":308,"column":24},"end":{"line":310,"column":10}},"82":{"start":{"line":314,"column":8},"end":{"line":316,"column":12}},"83":{"start":{"line":314,"column":24},"end":{"line":316,"column":10}},"84":{"start":{"line":320,"column":8},"end":{"line":322,"column":12}},"85":{"start":{"line":320,"column":24},"end":{"line":322,"column":10}},"86":{"start":{"line":326,"column":8},"end":{"line":326,"column":56}},"87":{"start":{"line":331,"column":39},"end":{"line":331,"column":51}},"88":{"start":{"line":332,"column":30},"end":{"line":336,"column":8}}},"fnMap":{"0":{"name":"(anonymous_0)","decl":{"start":{"line":150,"column":4},"end":{"line":150,"column":5}},"loc":{"start":{"line":150,"column":19},"end":{"line":328,"column":6}}},"1":{"name":"(anonymous_1)","decl":{"start":{"line":160,"column":20},"end":{"line":160,"column":21}},"loc":{"start":{"line":160,"column":31},"end":{"line":175,"column":7}}},"2":{"name":"(anonymous_2)","decl":{"start":{"line":162,"column":12},"end":{"line":162,"column":13}},"loc":{"start":{"line":162,"column":22},"end":{"line":174,"column":9}}},"3":{"name":"(anonymous_3)","decl":{"start":{"line":164,"column":53},"end":{"line":164,"column":54}},"loc":{"start":{"line":164,"column":60},"end":{"line":164,"column":69}}},"4":{"name":"(anonymous_4)","decl":{"start":{"line":166,"column":12},"end":{"line":166,"column":13}},"loc":{"start":{"line":166,"column":19},"end":{"line":166,"column":62}}},"5":{"name":"(anonymous_5)","decl":{"start":{"line":171,"column":14},"end":{"line":171,"column":15}},"loc":{"start":{"line":171,"column":24},"end":{"line":171,"column":47}}},"6":{"name":"(anonymous_6)","decl":{"start":{"line":177,"column":17},"end":{"line":177,"column":18}},"loc":{"start":{"line":177,"column":28},"end":{"line":181,"column":7}}},"7":{"name":"(anonymous_7)","decl":{"start":{"line":178,"column":12},"end":{"line":178,"column":13}},"loc":{"start":{"line":178,"column":24},"end":{"line":180,"column":10}}},"8":{"name":"(anonymous_8)","decl":{"start":{"line":179,"column":44},"end":{"line":179,"column":45}},"loc":{"start":{"line":179,"column":51},"end":{"line":179,"column":69}}},"9":{"name":"(anonymous_9)","decl":{"start":{"line":183,"column":21},"end":{"line":183,"column":22}},"loc":{"start":{"line":183,"column":34},"end":{"line":189,"column":7}}},"10":{"name":"(anonymous_10)","decl":{"start":{"line":184,"column":12},"end":{"line":184,"column":13}},"loc":{"start":{"line":184,"column":24},"end":{"line":188,"column":10}}},"11":{"name":"(anonymous_11)","decl":{"start":{"line":185,"column":37},"end":{"line":185,"column":38}},"loc":{"start":{"line":186,"column":12},"end":{"line":186,"column":61}}},"12":{"name":"(anonymous_12)","decl":{"start":{"line":191,"column":27},"end":{"line":191,"column":30}},"loc":{"start":{"line":191,"column":32},"end":{"line":195,"column":7}}},"13":{"name":"(anonymous_13)","decl":{"start":{"line":192,"column":12},"end":{"line":192,"column":13}},"loc":{"start":{"line":192,"column":24},"end":{"line":194,"column":10}}},"14":{"name":"(anonymous_14)","decl":{"start":{"line":199,"column":19},"end":{"line":199,"column":20}},"loc":{"start":{"line":199,"column":32},"end":{"line":213,"column":7}}},"15":{"name":"(anonymous_15)","decl":{"start":{"line":215,"column":25},"end":{"line":215,"column":26}},"loc":{"start":{"line":215,"column":56},"end":{"line":222,"column":7}}},"16":{"name":"(anonymous_16)","decl":{"start":{"line":216,"column":12},"end":{"line":216,"column":13}},"loc":{"start":{"line":216,"column":22},"end":{"line":221,"column":9}}},"17":{"name":"(anonymous_17)","decl":{"start":{"line":224,"column":24},"end":{"line":224,"column":25}},"loc":{"start":{"line":224,"column":35},"end":{"line":231,"column":7}}},"18":{"name":"(anonymous_18)","decl":{"start":{"line":225,"column":12},"end":{"line":225,"column":13}},"loc":{"start":{"line":225,"column":22},"end":{"line":230,"column":9}}},"19":{"name":"(anonymous_19)","decl":{"start":{"line":233,"column":27},"end":{"line":233,"column":28}},"loc":{"start":{"line":233,"column":38},"end":{"line":240,"column":7}}},"20":{"name":"(anonymous_20)","decl":{"start":{"line":234,"column":12},"end":{"line":234,"column":13}},"loc":{"start":{"line":234,"column":22},"end":{"line":239,"column":9}}},"21":{"name":"(anonymous_21)","decl":{"start":{"line":242,"column":30},"end":{"line":242,"column":31}},"loc":{"start":{"line":242,"column":47},"end":{"line":249,"column":7}}},"22":{"name":"(anonymous_22)","decl":{"start":{"line":243,"column":12},"end":{"line":243,"column":13}},"loc":{"start":{"line":243,"column":22},"end":{"line":248,"column":9}}},"23":{"name":"(anonymous_23)","decl":{"start":{"line":251,"column":19},"end":{"line":251,"column":22}},"loc":{"start":{"line":251,"column":24},"end":{"line":255,"column":7}}},"24":{"name":"(anonymous_24)","decl":{"start":{"line":259,"column":19},"end":{"line":259,"column":20}},"loc":{"start":{"line":259,"column":35},"end":{"line":272,"column":7}}},"25":{"name":"(anonymous_25)","decl":{"start":{"line":274,"column":22},"end":{"line":274,"column":25}},"loc":{"start":{"line":274,"column":27},"end":{"line":283,"column":7}}},"26":{"name":"(anonymous_26)","decl":{"start":{"line":285,"column":20},"end":{"line":285,"column":23}},"loc":{"start":{"line":285,"column":25},"end":{"line":287,"column":7}}},"27":{"name":"(anonymous_27)","decl":{"start":{"line":291,"column":23},"end":{"line":291,"column":24}},"loc":{"start":{"line":291,"column":39},"end":{"line":305,"column":7}}},"28":{"name":"(anonymous_28)","decl":{"start":{"line":292,"column":12},"end":{"line":292,"column":13}},"loc":{"start":{"line":292,"column":22},"end":{"line":304,"column":9}}},"29":{"name":"(anonymous_29)","decl":{"start":{"line":307,"column":19},"end":{"line":307,"column":20}},"loc":{"start":{"line":307,"column":31},"end":{"line":311,"column":7}}},"30":{"name":"(anonymous_30)","decl":{"start":{"line":308,"column":12},"end":{"line":308,"column":13}},"loc":{"start":{"line":308,"column":24},"end":{"line":310,"column":10}}},"31":{"name":"(anonymous_31)","decl":{"start":{"line":313,"column":24},"end":{"line":313,"column":25}},"loc":{"start":{"line":313,"column":36},"end":{"line":317,"column":7}}},"32":{"name":"(anonymous_32)","decl":{"start":{"line":314,"column":12},"end":{"line":314,"column":13}},"loc":{"start":{"line":314,"column":24},"end":{"line":316,"column":10}}},"33":{"name":"(anonymous_33)","decl":{"start":{"line":319,"column":17},"end":{"line":319,"column":18}},"loc":{"start":{"line":319,"column":25},"end":{"line":323,"column":7}}},"34":{"name":"(anonymous_34)","decl":{"start":{"line":320,"column":12},"end":{"line":320,"column":13}},"loc":{"start":{"line":320,"column":24},"end":{"line":322,"column":10}}},"35":{"name":"(anonymous_35)","decl":{"start":{"line":325,"column":16},"end":{"line":325,"column":17}},"loc":{"start":{"line":325,"column":33},"end":{"line":327,"column":7}}},"36":{"name":"(anonymous_36)","decl":{"start":{"line":331,"column":33},"end":{"line":331,"column":36}},"loc":{"start":{"line":331,"column":39},"end":{"line":331,"column":51}}},"37":{"name":"(anonymous_37)","decl":{"start":{"line":332,"column":18},"end":{"line":332,"column":19}},"loc":{"start":{"line":332,"column":30},"end":{"line":336,"column":8}}}},"branchMap":{"0":{"loc":{"start":{"line":166,"column":19},"end":{"line":166,"column":62}},"type":"binary-expr","locations":[{"start":{"line":166,"column":19},"end":{"line":166,"column":46}},{"start":{"line":166,"column":50},"end":{"line":166,"column":62}}]},"1":{"loc":{"start":{"line":186,"column":12},"end":{"line":186,"column":61}},"type":"cond-expr","locations":[{"start":{"line":186,"column":32},"end":{"line":186,"column":57}},{"start":{"line":186,"column":60},"end":{"line":186,"column":61}}]},"2":{"loc":{"start":{"line":201,"column":8},"end":{"line":201,"column":63}},"type":"if","locations":[{"start":{"line":201,"column":8},"end":{"line":201,"column":63}},{"start":{},"end":{}}]},"3":{"loc":{"start":{"line":201,"column":12},"end":{"line":201,"column":54}},"type":"binary-expr","locations":[{"start":{"line":201,"column":12},"end":{"line":201,"column":20}},{"start":{"line":201,"column":24},"end":{"line":201,"column":54}}]},"4":{"loc":{"start":{"line":205,"column":8},"end":{"line":208,"column":9}},"type":"if","locations":[{"start":{"line":205,"column":8},"end":{"line":208,"column":9}},{"start":{},"end":{}}]},"5":{"loc":{"start":{"line":205,"column":12},"end":{"line":205,"column":50}},"type":"binary-expr","locations":[{"start":{"line":205,"column":12},"end":{"line":205,"column":18}},{"start":{"line":205,"column":22},"end":{"line":205,"column":50}}]},"6":{"loc":{"start":{"line":217,"column":10},"end":{"line":217,"column":43}},"type":"if","locations":[{"start":{"line":217,"column":10},"end":{"line":217,"column":43}},{"start":{},"end":{}}]},"7":{"loc":{"start":{"line":226,"column":10},"end":{"line":226,"column":43}},"type":"if","locations":[{"start":{"line":226,"column":10},"end":{"line":226,"column":43}},{"start":{},"end":{}}]},"8":{"loc":{"start":{"line":235,"column":10},"end":{"line":235,"column":43}},"type":"if","locations":[{"start":{"line":235,"column":10},"end":{"line":235,"column":43}},{"start":{},"end":{}}]},"9":{"loc":{"start":{"line":244,"column":10},"end":{"line":244,"column":43}},"type":"if","locations":[{"start":{"line":244,"column":10},"end":{"line":244,"column":43}},{"start":{},"end":{}}]},"10":{"loc":{"start":{"line":253,"column":8},"end":{"line":253,"column":34}},"type":"if","locations":[{"start":{"line":253,"column":8},"end":{"line":253,"column":34}},{"start":{},"end":{}}]},"11":{"loc":{"start":{"line":261,"column":8},"end":{"line":261,"column":58}},"type":"if","locations":[{"start":{"line":261,"column":8},"end":{"line":261,"column":58}},{"start":{},"end":{}}]},"12":{"loc":{"start":{"line":261,"column":12},"end":{"line":261,"column":49}},"type":"binary-expr","locations":[{"start":{"line":261,"column":12},"end":{"line":261,"column":20}},{"start":{"line":261,"column":24},"end":{"line":261,"column":49}}]},"13":{"loc":{"start":{"line":265,"column":21},"end":{"line":265,"column":47}},"type":"binary-expr","locations":[{"start":{"line":265,"column":21},"end":{"line":265,"column":39}},{"start":{"line":265,"column":43},"end":{"line":265,"column":47}}]},"14":{"loc":{"start":{"line":266,"column":28},"end":{"line":266,"column":63}},"type":"binary-expr","locations":[{"start":{"line":266,"column":28},"end":{"line":266,"column":55}},{"start":{"line":266,"column":59},"end":{"line":266,"column":63}}]},"15":{"loc":{"start":{"line":276,"column":8},"end":{"line":276,"column":34}},"type":"if","locations":[{"start":{"line":276,"column":8},"end":{"line":276,"column":34}},{"start":{},"end":{}}]},"16":{"loc":{"start":{"line":277,"column":8},"end":{"line":280,"column":9}},"type":"if","locations":[{"start":{"line":277,"column":8},"end":{"line":280,"column":9}},{"start":{},"end":{}}]},"17":{"loc":{"start":{"line":293,"column":27},"end":{"line":295,"column":44}},"type":"cond-expr","locations":[{"start":{"line":294,"column":14},"end":{"line":294,"column":56}},{"start":{"line":295,"column":14},"end":{"line":295,"column":44}}]},"18":{"loc":{"start":{"line":301,"column":25},"end":{"line":301,"column":71}},"type":"binary-expr","locations":[{"start":{"line":301,"column":25},"end":{"line":301,"column":43}},{"start":{"line":301,"column":47},"end":{"line":301,"column":71}}]}},"s":{"0":1,"1":1,"2":1,"3":1,"4":1,"5":1,"6":1,"7":1,"8":0,"9":0,"10":0,"11":0,"12":0,"13":0,"14":0,"15":0,"16":0,"17":0,"18":0,"19":0,"20":0,"21":0,"22":0,"23":0,"24":0,"25":0,"26":0,"27":0,"28":0,"29":0,"30":0,"31":0,"32":0,"33":0,"34":0,"35":0,"36":0,"37":0,"38":0,"39":0,"40":0,"41":0,"42":0,"43":0,"44":0,"45":0,"46":0,"47":0,"48":0,"49":0,"50":0,"51":0,"52":0,"53":0,"54":0,"55":0,"56":0,"57":0,"58":0,"59":0,"60":0,"61":0,"62":0,"63":0,"64":0,"65":0,"66":0,"67":0,"68":0,"69":0,"70":0,"71":0,"72":0,"73":0,"74":0,"75":0,"76":0,"77":0,"78":0,"79":0,"80":0,"81":0,"82":0,"83":0,"84":0,"85":0,"86":0,"87":1,"88":0},"f":{"0":1,"1":0,"2":0,"3":0,"4":0,"5":0,"6":0,"7":0,"8":0,"9":0,"10":0,"11":0,"12":0,"13":0,"14":0,"15":0,"16":0,"17":0,"18":0,"19":0,"20":0,"21":0,"22":0,"23":0,"24":0,"25":0,"26":0,"27":0,"28":0,"29":0,"30":0,"31":0,"32":0,"33":0,"34":0,"35":0,"36":1,"37":0},"b":{"0":[0,0],"1":[0,0],"2":[0,0],"3":[0,0],"4":[0,0],"5":[0,0],"6":[0,0],"7":[0,0],"8":[0,0],"9":[0,0],"10":[0,0],"11":[0,0],"12":[0,0],"13":[0,0],"14":[0,0],"15":[0,0],"16":[0,0],"17":[0,0],"18":[0,0]}}
}
