TN:
SF:src\canon\agents\all-agents.ts
FNF:0
FNH:0
DA:8,1
DA:31,1
DA:49,1
DA:67,1
DA:85,1
DA:103,1
DA:121,1
DA:139,1
DA:157,1
DA:175,1
DA:241,1
LF:11
LH:11
BRF:0
BRH:0
end_of_record
TN:
SF:src\components\hud\_contracts.ts
FN:308,isValidTransition
FN:322,validateProps
FNF:2
FNH:2
FNDA:39,isValidTransition
FNDA:16,validateProps
DA:12,6
DA:18,6
DA:27,6
DA:37,6
DA:45,6
DA:53,6
DA:64,6
DA:73,6
DA:83,6
DA:91,6
DA:99,6
DA:105,6
DA:113,6
DA:123,6
DA:133,6
DA:144,6
DA:158,6
DA:166,6
DA:175,6
DA:182,6
DA:192,6
DA:202,6
DA:210,6
DA:219,6
DA:228,6
DA:237,6
DA:249,6
DA:258,6
DA:269,6
DA:277,6
DA:285,6
DA:293,6
DA:308,6
DA:313,39
DA:314,39
DA:315,39
DA:322,6
DA:326,16
DA:327,16
DA:328,10
DA:332,10
DA:334,6
LF:42
LH:42
BRDA:314,0,0,0
BRDA:314,0,1,39
BRDA:327,1,0,10
BRDA:327,1,1,6
BRF:4
BRH:3
end_of_record
TN:
SF:src\components\lab\useLabInterface.ts
FN:80,useLabInterface
FN:81,(anonymous_1)
FN:82,(anonymous_2)
FN:83,(anonymous_3)
FN:84,(anonymous_4)
FNF:5
FNH:0
FNDA:0,useLabInterface
FNDA:0,(anonymous_1)
FNDA:0,(anonymous_2)
FNDA:0,(anonymous_3)
FNDA:0,(anonymous_4)
DA:13,1
DA:18,1
DA:36,1
DA:80,1
DA:81,0
DA:82,0
DA:83,0
DA:84,0
DA:86,0
DA:87,0
DA:88,0
DA:90,0
DA:102,1
LF:13
LH:5
BRDA:87,0,0,0
BRDA:87,0,1,0
BRDA:88,1,0,0
BRDA:88,1,1,0
BRF:4
BRH:0
end_of_record
TN:
SF:src\components\motion\_motionContracts.ts
FN:189,checkPerformanceGate
FN:223,validateMotionProps
FNF:2
FNH:2
FNDA:23,checkPerformanceGate
FNDA:31,validateMotionProps
DA:12,6
DA:13,6
DA:19,6
DA:27,6
DA:39,6
DA:49,6
DA:61,6
DA:71,6
DA:85,6
DA:96,6
DA:110,6
DA:121,6
DA:133,6
DA:148,6
DA:162,6
DA:174,6
DA:189,6
DA:193,23
DA:194,10
DA:196,13
DA:197,9
DA:199,4
DA:206,6
DA:223,6
DA:227,31
DA:228,31
DA:229,6
DA:233,6
DA:235,25
LF:29
LH:29
BRDA:193,0,0,10
BRDA:193,0,1,13
BRDA:193,1,0,23
BRDA:193,1,1,10
BRDA:196,2,0,9
BRDA:196,2,1,4
BRDA:228,3,0,6
BRDA:228,3,1,25
BRF:8
BRH:8
end_of_record
TN:
SF:src\design-system\motion.ts
FN:138,resolveDuration
FN:148,resolveEasing
FN:159,prefersReducedMotion
FNF:3
FNH:0
FNDA:0,resolveDuration
FNDA:0,resolveEasing
FNDA:0,prefersReducedMotion
DA:20,6
DA:37,6
DA:54,6
DA:69,6
DA:82,6
DA:98,6
DA:107,6
DA:118,6
DA:138,6
DA:142,0
DA:148,6
DA:152,0
DA:159,6
DA:160,0
DA:161,0
LF:15
LH:11
BRDA:140,0,0,0
BRDA:142,1,0,0
BRDA:142,1,1,0
BRDA:150,2,0,0
BRDA:152,3,0,0
BRDA:152,3,1,0
BRDA:160,4,0,0
BRDA:160,4,1,0
BRF:8
BRH:0
end_of_record
TN:
SF:src\lib\gamification-logger.ts
FN:73,shouldLog
FN:80,generateSessionId
FN:87,getSessionId
FN:103,log
FN:143,logXPGain
FN:166,logAgentInteraction
FN:188,logAgentUnlock
FN:215,logCombination
FN:242,logBadgeEarned
FN:263,logStreakUpdate
FN:285,logError
FNF:11
FNH:11
FNDA:12,shouldLog
FNDA:1,generateSessionId
FNDA:12,getSessionId
FNDA:12,log
FNDA:5,logXPGain
FNDA:1,logAgentInteraction
FNDA:1,logAgentUnlock
FNDA:1,logCombination
FNDA:1,logBadgeEarned
FNDA:1,logStreakUpdate
FNDA:2,logError
DA:58,2
DA:64,2
DA:74,12
DA:75,0
DA:77,12
DA:81,1
DA:82,0
DA:84,1
DA:88,12
DA:90,0
DA:93,12
DA:94,12
DA:95,1
DA:96,1
DA:98,12
DA:104,12
DA:106,12
DA:113,12
DA:115,12
DA:117,0
DA:118,0
DA:120,10
DA:121,10
DA:123,0
DA:124,0
DA:126,2
DA:127,2
DA:143,2
DA:144,5
DA:166,2
DA:170,1
DA:188,2
DA:192,1
DA:215,2
DA:219,1
DA:242,2
DA:246,1
DA:263,2
DA:267,1
DA:285,2
DA:286,2
DA:299,2
DA:309,2
LF:43
LH:36
BRDA:74,0,0,0
BRDA:74,0,1,12
BRDA:74,1,0,12
BRDA:74,1,1,0
BRDA:81,2,0,0
BRDA:81,2,1,1
BRDA:88,3,0,0
BRDA:88,3,1,12
BRDA:94,4,0,1
BRDA:94,4,1,11
BRDA:104,5,0,0
BRDA:104,5,1,12
BRDA:115,6,0,0
BRDA:115,6,1,10
BRDA:115,6,2,0
BRDA:115,6,3,2
BRF:16
BRH:9
end_of_record
TN:
SF:src\lib\xp-webhook.ts
FN:75,getMondayAtual
FN:84,calcularNivelInteracao
FN:91,verificarBadgesDesbloqueadas
FN:93,(anonymous_4)
FN:94,(anonymous_5)
FN:105,emitXpEvent
FN:112,(anonymous_7)
FN:241,(anonymous_8)
FNF:8
FNH:0
FNDA:0,getMondayAtual
FNDA:0,calcularNivelInteracao
FNDA:0,verificarBadgesDesbloqueadas
FNDA:0,(anonymous_4)
FNDA:0,(anonymous_5)
FNDA:0,emitXpEvent
FNDA:0,(anonymous_7)
FNDA:0,(anonymous_8)
DA:15,1
DA:16,1
DA:17,1
DA:18,1
DA:19,1
DA:20,1
DA:62,1
DA:65,1
DA:76,0
DA:77,0
DA:78,0
DA:79,0
DA:80,0
DA:81,0
DA:85,0
DA:86,0
DA:88,0
DA:92,0
DA:93,0
DA:94,0
DA:105,1
DA:106,0
DA:107,0
DA:108,0
DA:109,0
DA:111,0
DA:112,0
DA:114,0
DA:124,0
DA:126,0
DA:135,0
DA:136,0
DA:137,0
DA:139,0
DA:140,0
DA:144,0
DA:148,0
DA:149,0
DA:150,0
DA:152,0
DA:160,0
DA:162,0
DA:164,0
DA:168,0
DA:169,0
DA:175,0
DA:177,0
DA:178,0
DA:188,0
DA:191,0
DA:195,0
DA:196,0
DA:198,0
DA:204,0
DA:205,0
DA:206,0
DA:208,0
DA:209,0
DA:210,0
DA:213,0
DA:218,0
DA:223,0
DA:224,0
DA:227,0
DA:239,0
DA:240,0
DA:241,0
DA:242,0
DA:243,0
DA:255,0
DA:263,0
DA:273,0
DA:285,0
DA:286,0
LF:74
LH:9
BRDA:78,0,0,0
BRDA:78,0,1,0
BRDA:86,1,0,0
BRDA:86,1,1,0
BRDA:93,2,0,0
BRDA:93,2,1,0
BRDA:124,3,0,0
BRDA:124,3,1,0
BRDA:139,4,0,0
BRDA:139,4,1,0
BRDA:140,5,0,0
BRDA:140,5,1,0
BRDA:144,6,0,0
BRDA:144,6,1,0
BRDA:144,7,0,0
BRDA:144,7,1,0
BRDA:145,8,0,0
BRDA:145,8,1,0
BRDA:145,9,0,0
BRDA:145,9,1,0
BRDA:149,10,0,0
BRDA:149,10,1,0
BRDA:150,11,0,0
BRDA:150,11,1,0
BRDA:150,12,0,0
BRDA:150,12,1,0
BRDA:164,13,0,0
BRDA:164,13,1,0
BRDA:164,13,2,0
BRDA:168,14,0,0
BRDA:168,14,1,0
BRDA:168,15,0,0
BRDA:168,15,1,0
BRDA:175,16,0,0
BRDA:175,16,1,0
BRDA:183,17,0,0
BRDA:183,17,1,0
BRDA:184,18,0,0
BRDA:184,18,1,0
BRDA:191,19,0,0
BRDA:191,19,1,0
BRDA:204,20,0,0
BRDA:204,20,1,0
BRDA:204,21,0,0
BRDA:204,21,1,0
BRDA:208,22,0,0
BRDA:208,22,1,0
BRDA:208,23,0,0
BRDA:208,23,1,0
BRDA:239,24,0,0
BRDA:239,24,1,0
BRDA:242,25,0,0
BRDA:242,25,1,0
BRDA:293,26,0,0
BRDA:293,26,1,0
BRF:55
BRH:0
end_of_record
TN:
SF:src\lib\xp.ts
FN:28,getMondayOfCurrentWeek
FN:37,addXp
FNF:2
FNH:0
FNDA:0,getMondayOfCurrentWeek
FNDA:0,addXp
DA:1,2
DA:2,2
DA:3,2
DA:4,2
DA:6,2
DA:29,0
DA:30,0
DA:31,0
DA:32,0
DA:33,0
DA:34,0
DA:37,2
DA:38,0
DA:39,0
DA:41,0
DA:43,0
DA:44,0
DA:53,0
DA:56,0
DA:57,0
DA:58,0
DA:60,0
DA:65,0
DA:68,0
DA:70,0
LF:25
LH:6
BRDA:31,0,0,0
BRDA:31,0,1,0
BRDA:43,1,0,0
BRDA:43,1,1,0
BRDA:57,2,0,0
BRDA:57,2,1,0
BRDA:58,3,0,0
BRDA:58,3,1,0
BRDA:60,4,0,0
BRDA:60,4,1,0
BRDA:65,5,0,0
BRDA:65,5,1,0
BRDA:66,6,0,0
BRDA:66,6,1,0
BRDA:68,7,0,0
BRDA:68,7,1,0
BRF:16
BRH:0
end_of_record
TN:
SF:src\lib\db\index.ts
FN:9,getPool
FN:36,getDbInstance
FN:47,(anonymous_12)
FN:59,(anonymous_13)
FNF:4
FNH:0
FNDA:0,getPool
FNDA:0,getDbInstance
FNDA:0,(anonymous_12)
FNDA:0,(anonymous_13)
DA:1,2
DA:2,2
DA:3,2
DA:4,2
DA:10,0
DA:12,0
DA:13,0
DA:14,0
DA:19,0
DA:21,0
DA:33,0
DA:37,0
DA:38,0
DA:39,0
DA:42,2
DA:44,2
DA:48,0
DA:49,0
DA:50,0
DA:51,0
DA:53,0
DA:58,2
DA:60,0
DA:61,0
DA:62,0
DA:63,0
DA:65,0
LF:27
LH:7
BRDA:10,0,0,0
BRDA:10,0,1,0
BRDA:13,1,0,0
BRDA:13,1,1,0
BRDA:23,2,0,0
BRDA:23,2,1,0
BRDA:37,3,0,0
BRDA:37,3,1,0
BRDA:50,4,0,0
BRDA:50,4,1,0
BRDA:62,5,0,0
BRDA:62,5,1,0
BRF:12
BRH:0
end_of_record
TN:
SF:src\lib\db\schema.ts
FN:152,(anonymous_0)
FN:163,(anonymous_1)
FN:171,(anonymous_2)
FN:181,(anonymous_3)
FN:284,(anonymous_4)
FN:293,(anonymous_5)
FN:298,(anonymous_6)
FN:317,(anonymous_7)
FN:337,(anonymous_8)
FN:374,(anonymous_9)
FN:379,(anonymous_10)
FN:400,(anonymous_11)
FN:402,(anonymous_12)
FN:408,(anonymous_13)
FN:448,(anonymous_14)
FN:459,(anonymous_15)
FN:460,(anonymous_16)
FN:470,(anonymous_17)
FN:496,(anonymous_18)
FN:499,(anonymous_19)
FN:505,(anonymous_20)
FN:508,(anonymous_21)
FN:519,(anonymous_22)
FN:606,(anonymous_23)
FN:609,(anonymous_24)
FN:619,(anonymous_25)
FN:650,(anonymous_26)
FN:667,(anonymous_27)
FN:703,(anonymous_28)
FNF:29
FNH:0
FNDA:0,(anonymous_0)
FNDA:0,(anonymous_1)
FNDA:0,(anonymous_2)
FNDA:0,(anonymous_3)
FNDA:0,(anonymous_4)
FNDA:0,(anonymous_5)
FNDA:0,(anonymous_6)
FNDA:0,(anonymous_7)
FNDA:0,(anonymous_8)
FNDA:0,(anonymous_9)
FNDA:0,(anonymous_10)
FNDA:0,(anonymous_11)
FNDA:0,(anonymous_12)
FNDA:0,(anonymous_13)
FNDA:0,(anonymous_14)
FNDA:0,(anonymous_15)
FNDA:0,(anonymous_16)
FNDA:0,(anonymous_17)
FNDA:0,(anonymous_18)
FNDA:0,(anonymous_19)
FNDA:0,(anonymous_20)
FNDA:0,(anonymous_21)
FNDA:0,(anonymous_22)
FNDA:0,(anonymous_23)
FNDA:0,(anonymous_24)
FNDA:0,(anonymous_25)
FNDA:0,(anonymous_26)
FNDA:0,(anonymous_27)
FNDA:0,(anonymous_28)
DA:1,2
DA:4,2
DA:25,2
DA:41,2
DA:59,2
DA:77,2
DA:88,2
DA:100,2
DA:114,2
DA:130,2
DA:131,2
DA:132,2
DA:133,2
DA:140,2
DA:152,0
DA:160,2
DA:163,0
DA:171,0
DA:179,2
DA:181,0
DA:192,2
DA:210,2
DA:222,2
DA:241,2
DA:250,2
DA:274,2
DA:284,0
DA:293,0
DA:298,0
DA:313,2
DA:317,0
DA:337,0
DA:356,2
DA:374,0
DA:379,0
DA:396,2
DA:400,0
DA:402,0
DA:408,0
DA:425,2
DA:442,2
DA:448,0
DA:459,0
DA:460,0
DA:470,0
DA:490,2
DA:496,0
DA:499,0
DA:505,0
DA:508,0
DA:519,0
DA:534,2
DA:553,2
DA:563,2
DA:573,2
DA:581,2
DA:590,2
DA:606,0
DA:609,0
DA:619,0
DA:634,2
DA:650,0
DA:667,0
DA:683,2
DA:692,2
DA:703,0
DA:719,2
LF:67
LH:38
BRF:0
BRH:0
end_of_record
TN:
SF:src\lib\navigation-hints\beacon-factory.ts
FN:28,generatePulseBeacon
FN:53,generateBeacons
FN:55,(anonymous_2)
FN:56,(anonymous_3)
FN:101,generateStatusLine
FN:117,isBeaconExpired
FN:125,getActiveBeacons
FN:128,(anonymous_7)
FN:135,getSectionBeacon
FN:140,(anonymous_9)
FN:143,(anonymous_10)
FN:150,buildSuggestionText
FN:187,presenceToBeacon
FNF:13
FNH:0
FNDA:0,generatePulseBeacon
FNDA:0,generateBeacons
FNDA:0,(anonymous_2)
FNDA:0,(anonymous_3)
FNDA:0,generateStatusLine
FNDA:0,isBeaconExpired
FNDA:0,getActiveBeacons
FNDA:0,(anonymous_7)
FNDA:0,getSectionBeacon
FNDA:0,(anonymous_9)
FNDA:0,(anonymous_10)
FNDA:0,buildSuggestionText
FNDA:0,presenceToBeacon
DA:17,1
DA:18,1
DA:22,1
DA:28,1
DA:29,0
DA:30,0
DA:31,0
DA:33,0
DA:35,0
DA:53,1
DA:54,0
DA:55,0
DA:56,0
DA:66,1
DA:79,1
DA:92,1
DA:101,1
DA:105,0
DA:106,0
DA:107,0
DA:109,0
DA:117,1
DA:118,0
DA:119,0
DA:125,1
DA:126,0
DA:127,0
DA:128,0
DA:135,1
DA:139,0
DA:140,0
DA:142,0
DA:143,0
DA:150,1
DA:151,0
DA:152,0
DA:154,0
DA:163,1
DA:187,1
DA:188,0
DA:189,0
LF:41
LH:15
BRDA:42,0,0,0
BRDA:42,0,1,0
BRDA:44,1,0,0
BRDA:44,1,1,0
BRDA:107,2,0,0
BRDA:107,2,1,0
BRDA:118,3,0,0
BRDA:118,3,1,0
BRDA:119,4,0,0
BRDA:119,4,1,0
BRDA:128,5,0,0
BRDA:128,5,1,0
BRDA:142,6,0,0
BRDA:142,6,1,0
BRDA:188,7,0,0
BRDA:188,7,1,0
BRDA:188,8,0,0
BRDA:188,8,1,0
BRDA:192,9,0,0
BRDA:192,9,1,0
BRDA:193,10,0,0
BRDA:193,10,1,0
BRF:22
BRH:0
end_of_record
TN:
SF:src\lib\navigation-hints\cross-section-handoff.ts
FN:30,createHandoffPayload
FN:52,isPayloadValid
FN:62,processHandoff
FN:85,(anonymous_3)
FN:91,buildContinuationMessage
FN:141,createHandoffProtocol
FN:148,(anonymous_6)
FN:167,(anonymous_7)
FN:179,(anonymous_8)
FN:191,detectCurrentSection
FN:209,onBeforeNavigate
FNF:11
FNH:0
FNDA:0,createHandoffPayload
FNDA:0,isPayloadValid
FNDA:0,processHandoff
FNDA:0,(anonymous_3)
FNDA:0,buildContinuationMessage
FNDA:0,createHandoffProtocol
FNDA:0,(anonymous_6)
FNDA:0,(anonymous_7)
FNDA:0,(anonymous_8)
FNDA:0,detectCurrentSection
FNDA:0,onBeforeNavigate
DA:30,1
DA:40,0
DA:52,1
DA:53,0
DA:62,1
DA:70,0
DA:71,0
DA:79,0
DA:81,0
DA:85,0
DA:94,0
DA:97,0
DA:98,0
DA:101,0
DA:110,0
DA:119,0
DA:120,0
DA:123,0
DA:141,1
DA:147,0
DA:149,0
DA:150,0
DA:152,0
DA:155,0
DA:157,0
DA:164,0
DA:168,0
DA:169,0
DA:170,0
DA:171,0
DA:172,0
DA:175,0
DA:176,0
DA:180,0
DA:191,1
DA:192,0
DA:194,0
DA:196,0
DA:197,0
DA:198,0
DA:199,0
DA:200,0
DA:209,1
DA:212,0
DA:214,0
DA:215,0
DA:216,0
LF:47
LH:6
BRDA:70,0,0,0
BRDA:70,0,1,0
BRDA:97,1,0,0
BRDA:97,1,1,0
BRDA:97,2,0,0
BRDA:97,2,1,0
BRDA:119,3,0,0
BRDA:119,3,1,0
BRDA:152,4,0,0
BRDA:152,4,1,0
BRDA:152,5,0,0
BRDA:152,5,1,0
BRDA:158,6,0,0
BRDA:158,6,1,0
BRDA:159,7,0,0
BRDA:159,7,1,0
BRDA:169,8,0,0
BRDA:169,8,1,0
BRDA:170,9,0,0
BRDA:170,9,1,0
BRDA:192,10,0,0
BRDA:192,10,1,0
BRDA:196,11,0,0
BRDA:196,11,1,0
BRDA:197,12,0,0
BRDA:197,12,1,0
BRDA:198,13,0,0
BRDA:198,13,1,0
BRDA:198,14,0,0
BRDA:198,14,1,0
BRDA:199,15,0,0
BRDA:199,15,1,0
BRDA:212,16,0,0
BRDA:212,16,1,0
BRF:34
BRH:0
end_of_record
TN:
SF:src\lib\navigation-hints\lab-state-machine.ts
FN:30,createLabState
FN:47,transition
FN:91,buildStatusText
FN:126,buildTechnicalDetail
FN:139,(anonymous_4)
FN:145,(anonymous_5)
FN:164,addActiveAgent
FN:175,completeAgent
FN:181,(anonymous_8)
FN:186,addBoardTag
FN:198,calculateProgress
FN:206,generateHudStatusLine
FN:209,(anonymous_12)
FN:220,resetLab
FNF:14
FNH:1
FNDA:1,createLabState
FNDA:0,transition
FNDA:0,buildStatusText
FNDA:0,buildTechnicalDetail
FNDA:0,(anonymous_4)
FNDA:0,(anonymous_5)
FNDA:0,addActiveAgent
FNDA:0,completeAgent
FNDA:0,(anonymous_8)
FNDA:0,addBoardTag
FNDA:0,calculateProgress
FNDA:0,generateHudStatusLine
FNDA:0,(anonymous_12)
FNDA:0,resetLab
DA:19,1
DA:30,1
DA:31,1
DA:47,1
DA:59,0
DA:60,0
DA:61,0
DA:65,0
DA:71,0
DA:73,0
DA:86,0
DA:100,0
DA:102,0
DA:104,0
DA:105,0
DA:106,0
DA:109,0
DA:110,0
DA:111,0
DA:112,0
DA:113,0
DA:116,0
DA:118,0
DA:119,0
DA:122,0
DA:134,0
DA:136,0
DA:138,0
DA:139,0
DA:141,0
DA:144,0
DA:145,0
DA:147,0
DA:150,0
DA:151,0
DA:154,0
DA:155,0
DA:158,0
DA:164,1
DA:168,0
DA:169,0
DA:175,1
DA:179,0
DA:181,0
DA:186,1
DA:187,0
DA:188,0
DA:196,1
DA:198,1
DA:199,0
DA:200,0
DA:201,0
DA:206,1
DA:207,0
DA:208,0
DA:209,0
DA:211,0
DA:215,0
DA:220,1
DA:221,0
LF:60
LH:11
BRDA:35,0,0,1
BRDA:35,0,1,1
BRDA:60,1,0,0
BRDA:60,1,1,0
BRDA:77,2,0,0
BRDA:77,2,1,0
BRDA:78,3,0,0
BRDA:78,3,1,0
BRDA:79,4,0,0
BRDA:79,4,1,0
BRDA:80,5,0,0
BRDA:80,5,1,0
BRDA:81,6,0,0
BRDA:81,6,1,0
BRDA:100,7,0,0
BRDA:100,7,1,0
BRDA:100,7,2,0
BRDA:100,7,3,0
BRDA:100,7,4,0
BRDA:100,7,5,0
BRDA:104,8,0,0
BRDA:104,8,1,0
BRDA:105,9,0,0
BRDA:105,9,1,0
BRDA:106,10,0,0
BRDA:106,10,1,0
BRDA:109,11,0,0
BRDA:109,11,1,0
BRDA:110,12,0,0
BRDA:110,12,1,0
BRDA:111,13,0,0
BRDA:111,13,1,0
BRDA:112,14,0,0
BRDA:112,14,1,0
BRDA:118,15,0,0
BRDA:118,15,1,0
BRDA:134,16,0,0
BRDA:134,16,1,0
BRDA:134,16,2,0
BRDA:134,16,3,0
BRDA:134,16,4,0
BRDA:134,16,5,0
BRDA:138,17,0,0
BRDA:138,17,1,0
BRDA:144,18,0,0
BRDA:144,18,1,0
BRDA:150,19,0,0
BRDA:150,19,1,0
BRDA:154,20,0,0
BRDA:154,20,1,0
BRDA:168,21,0,0
BRDA:168,21,1,0
BRDA:187,22,0,0
BRDA:187,22,1,0
BRDA:199,23,0,0
BRDA:199,23,1,0
BRDA:208,24,0,0
BRDA:208,24,1,0
BRDA:211,25,0,0
BRDA:211,25,1,0
BRF:60
BRH:2
end_of_record
TN:
SF:src\lib\navigation-hints\mission-store.ts
FN:30,createMission
FN:54,generateNodeId
FN:59,unlockNode
FN:68,(anonymous_3)
FN:90,visitNode
FN:93,(anonymous_5)
FN:103,completeNode
FN:104,(anonymous_7)
FN:108,(anonymous_8)
FN:123,calculateLayer
FN:132,advanceMission
FN:148,getNextSuggestedPath
FN:157,(anonymous_12)
FN:171,recordDiscovery
FN:183,getUnvisitedNodes
FN:186,(anonymous_15)
FN:189,getActiveMissionNodes
FN:192,(anonymous_17)
FN:197,getMission
FN:201,getMissionByThread
FN:208,saveMission
FN:212,deleteMission
FN:220,loadMissionFromStorage
FN:234,persistMissionToStorage
FN:245,getLayerLabel
FN:255,getLayerDescription
FNF:26
FNH:0
FNDA:0,createMission
FNDA:0,generateNodeId
FNDA:0,unlockNode
FNDA:0,(anonymous_3)
FNDA:0,visitNode
FNDA:0,(anonymous_5)
FNDA:0,completeNode
FNDA:0,(anonymous_7)
FNDA:0,(anonymous_8)
FNDA:0,calculateLayer
FNDA:0,advanceMission
FNDA:0,getNextSuggestedPath
FNDA:0,(anonymous_12)
FNDA:0,recordDiscovery
FNDA:0,getUnvisitedNodes
FNDA:0,(anonymous_15)
FNDA:0,getActiveMissionNodes
FNDA:0,(anonymous_17)
FNDA:0,getMission
FNDA:0,getMissionByThread
FNDA:0,saveMission
FNDA:0,deleteMission
FNDA:0,loadMissionFromStorage
FNDA:0,persistMissionToStorage
FNDA:0,getLayerLabel
FNDA:0,getLayerDescription
DA:26,1
DA:30,1
DA:34,0
DA:35,0
DA:52,1
DA:55,0
DA:56,0
DA:59,1
DA:67,0
DA:68,0
DA:70,0
DA:72,0
DA:83,0
DA:90,1
DA:91,0
DA:94,0
DA:103,1
DA:104,0
DA:105,0
DA:108,0
DA:109,0
DA:110,0
DA:112,0
DA:114,0
DA:124,0
DA:125,0
DA:126,0
DA:127,0
DA:132,1
DA:136,0
DA:148,1
DA:152,0
DA:153,0
DA:157,0
DA:158,0
DA:160,0
DA:161,0
DA:165,0
DA:166,0
DA:171,1
DA:176,0
DA:183,1
DA:186,0
DA:189,1
DA:192,0
DA:197,1
DA:198,0
DA:201,1
DA:202,0
DA:203,0
DA:205,0
DA:208,1
DA:209,0
DA:212,1
DA:213,0
DA:218,1
DA:220,1
DA:221,0
DA:222,0
DA:223,0
DA:224,0
DA:225,0
DA:227,0
DA:228,0
DA:230,0
DA:234,1
DA:235,0
DA:236,0
DA:237,0
DA:239,0
DA:245,1
DA:246,0
DA:252,0
DA:255,1
DA:256,0
DA:262,0
LF:76
LH:20
BRDA:44,0,0,0
BRDA:44,0,1,0
BRDA:68,1,0,0
BRDA:68,1,1,0
BRDA:70,2,0,0
BRDA:70,2,1,0
BRDA:80,3,0,0
BRDA:80,3,1,0
BRDA:94,4,0,0
BRDA:94,4,1,0
BRDA:94,5,0,0
BRDA:94,5,1,0
BRDA:105,6,0,0
BRDA:105,6,1,0
BRDA:124,7,0,0
BRDA:124,7,1,0
BRDA:125,8,0,0
BRDA:125,8,1,0
BRDA:126,9,0,0
BRDA:126,9,1,0
BRDA:152,10,0,0
BRDA:152,10,1,0
BRDA:158,11,0,0
BRDA:158,11,1,0
BRDA:160,12,0,0
BRDA:160,12,1,0
BRDA:203,13,0,0
BRDA:203,13,1,0
BRDA:221,14,0,0
BRDA:221,14,1,0
BRDA:224,15,0,0
BRDA:224,15,1,0
BRDA:227,16,0,0
BRDA:227,16,1,0
BRDA:227,17,0,0
BRDA:227,17,1,0
BRDA:235,18,0,0
BRDA:235,18,1,0
BRDA:252,19,0,0
BRDA:252,19,1,0
BRDA:262,20,0,0
BRDA:262,20,1,0
BRF:42
BRH:0
end_of_record
TN:
SF:src\lib\navigation-hints\router.ts
FN:56,priorityToIntensity
FN:68,filterVisibleHints
FN:70,(anonymous_2)
FN:257,getConnectionRule
FN:269,getValidDestinations
FN:274,(anonymous_5)
FN:275,(anonymous_6)
FN:444,evaluateTriggers
FN:468,(anonymous_8)
FN:469,(anonymous_9)
FN:470,(anonymous_10)
FN:475,evaluateCondition
FN:487,(anonymous_12)
FN:517,resolveSectionRoute
FN:529,buildHintFromAction
FNF:15
FNH:0
FNDA:0,priorityToIntensity
FNDA:0,filterVisibleHints
FNDA:0,(anonymous_2)
FNDA:0,getConnectionRule
FNDA:0,getValidDestinations
FNDA:0,(anonymous_5)
FNDA:0,(anonymous_6)
FNDA:0,evaluateTriggers
FNDA:0,(anonymous_8)
FNDA:0,(anonymous_9)
FNDA:0,(anonymous_10)
FNDA:0,evaluateCondition
FNDA:0,(anonymous_12)
FNDA:0,resolveSectionRoute
FNDA:0,buildHintFromAction
DA:21,1
DA:30,1
DA:47,1
DA:56,1
DA:59,0
DA:60,0
DA:61,0
DA:62,0
DA:68,1
DA:69,0
DA:70,0
DA:94,1
DA:257,1
DA:261,0
DA:262,0
DA:263,0
DA:269,1
DA:272,0
DA:273,0
DA:274,0
DA:275,0
DA:287,1
DA:444,1
DA:451,0
DA:452,0
DA:454,0
DA:456,0
DA:457,0
DA:461,0
DA:462,0
DA:463,0
DA:464,0
DA:468,0
DA:469,0
DA:470,0
DA:471,0
DA:484,0
DA:486,0
DA:487,0
DA:488,0
DA:489,0
DA:491,0
DA:495,0
DA:498,0
DA:499,0
DA:500,0
DA:501,0
DA:502,0
DA:505,0
DA:508,0
DA:517,1
DA:521,0
DA:522,0
DA:523,0
DA:529,1
DA:533,0
LF:56
LH:12
BRDA:59,0,0,0
BRDA:59,0,1,0
BRDA:60,1,0,0
BRDA:60,1,1,0
BRDA:61,2,0,0
BRDA:61,2,1,0
BRDA:262,3,0,0
BRDA:262,3,1,0
BRDA:262,4,0,0
BRDA:262,4,1,0
BRDA:272,5,0,0
BRDA:272,5,1,0
BRDA:451,6,0,0
BRDA:451,6,1,0
BRDA:456,7,0,0
BRDA:456,7,1,0
BRDA:456,8,0,0
BRDA:456,8,1,0
BRDA:462,9,0,0
BRDA:462,9,1,0
BRDA:471,10,0,0
BRDA:471,10,1,0
BRDA:471,11,0,0
BRDA:471,11,1,0
BRDA:484,12,0,0
BRDA:484,12,1,0
BRDA:484,12,2,0
BRDA:484,12,3,0
BRDA:484,12,4,0
BRDA:486,13,0,0
BRDA:486,13,1,0
BRDA:488,14,0,0
BRDA:488,14,1,0
BRDA:498,15,0,0
BRDA:498,15,1,0
BRDA:500,16,0,0
BRDA:500,16,1,0
BRDA:501,17,0,0
BRDA:501,17,1,0
BRDA:522,18,0,0
BRDA:522,18,1,0
BRF:41
BRH:0
end_of_record
TN:
SF:src\lib\navigation-hints\types.ts
FNF:0
FNH:0
DA:14,1
DA:18,1
DA:31,1
DA:44,1
DA:64,1
DA:102,1
DA:148,1
DA:217,1
LF:8
LH:8
BRF:0
BRH:0
end_of_record
TN:
SF:src\lib\nexus\nexus.events.ts
FN:358,(anonymous_0)
FN:253,(anonymous_1)
FN:280,(anonymous_2)
FN:292,(anonymous_3)
FN:293,(anonymous_4)
FN:302,(anonymous_5)
FN:310,(anonymous_6)
FN:316,(anonymous_7)
FN:324,isUniverseEvent
FNF:9
FNH:2
FNDA:0,(anonymous_0)
FNDA:35,(anonymous_1)
FNDA:0,(anonymous_2)
FNDA:0,(anonymous_3)
FNDA:0,(anonymous_4)
FNDA:0,(anonymous_5)
FNDA:0,(anonymous_6)
FNDA:0,(anonymous_7)
FNDA:35,isUniverseEvent
DA:16,1
DA:221,1
DA:243,1
DA:254,35
DA:257,35
DA:258,35
DA:262,35
DA:263,0
DA:264,0
DA:265,0
DA:267,0
DA:284,0
DA:285,0
DA:290,0
DA:292,0
DA:293,0
DA:306,0
DA:311,0
DA:312,0
DA:317,0
DA:325,35
DA:337,35
DA:351,1
DA:358,1
LF:24
LH:11
BRDA:257,0,0,35
BRDA:257,0,1,0
BRDA:263,1,0,0
BRDA:263,1,1,0
BRDA:263,2,0,0
BRDA:263,2,1,0
BRF:6
BRH:1
end_of_record
TN:
SF:src\lib\universe\context-compressor.ts
FN:50,estimateTokens
FN:60,extractKeyConcepts
FN:96,extractInsights
FN:104,(anonymous_3)
FN:106,(anonymous_4)
FN:122,(anonymous_5)
FN:132,(anonymous_6)
FN:149,detectUserLevel
FN:150,(anonymous_8)
FN:182,inferIntent
FN:183,(anonymous_10)
FN:186,(anonymous_11)
FN:219,compressMemory
FN:265,buildInferencePayload
FN:281,(anonymous_14)
FNF:15
FNH:15
FNDA:35,estimateTokens
FNDA:35,extractKeyConcepts
FNDA:35,extractInsights
FNDA:71,(anonymous_3)
FNDA:71,(anonymous_4)
FNDA:102,(anonymous_5)
FNDA:29,(anonymous_6)
FNDA:35,detectUserLevel
FNDA:45,(anonymous_8)
FNDA:35,inferIntent
FNDA:45,(anonymous_10)
FNDA:34,(anonymous_11)
FNDA:35,compressMemory
FNDA:4,buildInferencePayload
FNDA:2,(anonymous_14)
DA:17,1
DA:18,1
DA:51,35
DA:61,35
DA:64,35
DA:77,35
DA:78,45
DA:79,450
DA:80,450
DA:81,31
DA:82,59
DA:89,35
DA:97,35
DA:98,35
DA:100,35
DA:102,45
DA:104,71
DA:107,71
DA:113,45
DA:115,36
DA:122,102
DA:123,14
DA:124,14
DA:130,35
DA:131,26
DA:132,29
DA:134,26
DA:136,28
DA:139,28
DA:143,35
DA:150,45
DA:151,35
DA:153,31
DA:155,31
DA:156,43
DA:158,43
DA:159,35
DA:163,43
DA:164,43
DA:165,43
DA:169,43
DA:170,43
DA:171,43
DA:174,31
DA:175,30
DA:176,28
DA:183,45
DA:184,35
DA:186,34
DA:188,31
DA:189,10
DA:191,21
DA:192,2
DA:194,19
DA:195,2
DA:197,17
DA:198,1
DA:200,16
DA:201,1
DA:203,15
DA:204,1
DA:207,14
DA:219,1
DA:223,35
DA:224,35
DA:226,35
DA:227,35
DA:228,35
DA:229,35
DA:231,35
DA:242,35
DA:243,35
DA:246,35
DA:247,0
DA:248,0
DA:252,35
DA:258,35
DA:265,1
DA:270,4
DA:273,4
DA:281,2
DA:287,4
DA:290,4
DA:292,4
LF:84
LH:82
BRDA:80,0,0,31
BRDA:80,0,1,419
BRDA:107,1,0,71
BRDA:107,1,1,43
BRDA:107,1,2,36
BRDA:107,1,3,36
BRDA:122,2,0,14
BRDA:122,2,1,22
BRDA:130,3,0,26
BRDA:130,3,1,9
BRDA:130,4,0,35
BRDA:130,4,1,30
BRDA:136,5,0,8
BRDA:136,5,1,20
BRDA:151,6,0,4
BRDA:151,6,1,31
BRDA:158,7,0,8
BRDA:158,7,1,35
BRDA:159,8,0,2
BRDA:159,8,1,33
BRDA:165,9,0,3
BRDA:165,9,1,40
BRDA:171,10,0,3
BRDA:171,10,1,40
BRDA:174,11,0,1
BRDA:174,11,1,30
BRDA:175,12,0,2
BRDA:175,12,1,28
BRDA:184,13,0,4
BRDA:184,13,1,31
BRDA:188,14,0,10
BRDA:188,14,1,21
BRDA:191,15,0,2
BRDA:191,15,1,19
BRDA:194,16,0,2
BRDA:194,16,1,17
BRDA:197,17,0,1
BRDA:197,17,1,16
BRDA:200,18,0,1
BRDA:200,18,1,15
BRDA:203,19,0,1
BRDA:203,19,1,14
BRDA:246,20,0,35
BRDA:246,20,1,0
BRDA:277,21,0,2
BRDA:277,21,1,2
BRDA:280,22,0,2
BRDA:280,22,1,2
BRF:48
BRH:47
end_of_record
TN:
SF:src\lib\universe\event-bus.ts
FN:49,(anonymous_0)
FN:66,(anonymous_1)
FN:74,(anonymous_2)
FN:75,(anonymous_3)
FN:80,(anonymous_4)
FN:85,(anonymous_5)
FNF:6
FNH:6
FNDA:58,(anonymous_0)
FNDA:30,(anonymous_1)
FNDA:6,(anonymous_2)
FNDA:7,(anonymous_3)
FNDA:26,(anonymous_4)
FNDA:8,(anonymous_5)
DA:43,2
DA:46,2
DA:50,58
DA:51,25
DA:52,24
DA:53,24
DA:55,3
DA:70,30
DA:71,30
DA:72,30
DA:74,30
DA:75,7
DA:81,26
DA:86,8
DA:91,2
LF:15
LH:15
BRDA:51,0,0,24
BRDA:51,0,1,1
BRDA:51,1,0,25
BRDA:51,1,1,21
BRF:4
BRH:4
end_of_record
TN:
SF:src\lib\universe\planet-registry.ts
FN:260,(anonymous_0)
FN:265,(anonymous_1)
FNF:2
FNH:2
FNDA:36,(anonymous_0)
FNDA:36,(anonymous_1)
DA:83,3
DA:256,3
DA:259,3
DA:260,36
DA:264,3
DA:265,36
DA:269,3
LF:7
LH:7
BRF:0
BRH:0
end_of_record
TN:
SF:src\lib\universe\progression-engine.server.ts
FN:53,getOrCreateProgression
FN:97,dbRowToProgression
FN:106,(anonymous_2)
FN:108,(anonymous_3)
FN:118,persist
FN:132,parseStringArray
FN:133,(anonymous_6)
FN:137,parseHints
FN:140,(anonymous_8)
FN:158,activatePlanet
FN:187,(anonymous_10)
FN:188,(anonymous_11)
FN:205,completePlanet
FN:233,(anonymous_13)
FN:244,(anonymous_14)
FN:275,generateHint
FN:326,clearHint
FN:348,(anonymous_17)
FNF:18
FNH:0
FNDA:0,getOrCreateProgression
FNDA:0,dbRowToProgression
FNDA:0,(anonymous_2)
FNDA:0,(anonymous_3)
FNDA:0,persist
FNDA:0,parseStringArray
FNDA:0,(anonymous_6)
FNDA:0,parseHints
FNDA:0,(anonymous_8)
FNDA:0,activatePlanet
FNDA:0,(anonymous_10)
FNDA:0,(anonymous_11)
FNDA:0,completePlanet
FNDA:0,(anonymous_13)
FNDA:0,(anonymous_14)
FNDA:0,generateHint
FNDA:0,clearHint
FNDA:0,(anonymous_17)
DA:24,17
DA:26,17
DA:27,17
DA:28,0
DA:29,0
DA:30,0
DA:31,0
DA:32,0
DA:33,0
DA:53,17
DA:56,0
DA:62,0
DA:63,0
DA:64,0
DA:67,0
DA:75,0
DA:76,0
DA:80,0
DA:90,0
DA:93,0
DA:100,0
DA:101,0
DA:102,0
DA:104,0
DA:106,0
DA:108,0
DA:119,0
DA:133,0
DA:134,0
DA:138,0
DA:139,0
DA:141,0
DA:158,17
DA:162,0
DA:163,0
DA:166,0
DA:167,0
DA:168,0
DA:171,0
DA:179,0
DA:180,0
DA:183,0
DA:184,0
DA:187,0
DA:188,0
DA:192,0
DA:194,0
DA:195,0
DA:197,0
DA:205,17
DA:209,0
DA:210,0
DA:213,0
DA:214,0
DA:215,0
DA:219,0
DA:227,0
DA:228,0
DA:231,0
DA:232,0
DA:234,0
DA:239,0
DA:244,0
DA:249,0
DA:251,0
DA:252,0
DA:254,0
DA:255,0
DA:256,0
DA:259,0
DA:260,0
DA:261,0
DA:265,0
DA:275,17
DA:280,0
DA:281,0
DA:284,0
DA:285,0
DA:287,0
DA:288,0
DA:290,0
DA:291,0
DA:294,0
DA:297,0
DA:305,0
DA:306,0
DA:309,0
DA:315,0
DA:316,0
DA:318,0
DA:326,17
DA:330,0
DA:333,0
DA:341,0
DA:342,0
DA:346,0
DA:348,0
DA:350,0
DA:351,0
LF:99
LH:8
BRDA:62,0,0,0
BRDA:62,0,1,0
BRDA:75,1,0,0
BRDA:75,1,1,0
BRDA:110,2,0,0
BRDA:110,2,1,0
BRDA:133,3,0,0
BRDA:133,3,1,0
BRDA:138,4,0,0
BRDA:138,4,1,0
BRDA:141,5,0,0
BRDA:141,5,1,0
BRDA:141,5,2,0
BRDA:141,5,3,0
BRDA:141,5,4,0
BRDA:141,5,5,0
BRDA:166,6,0,0
BRDA:166,6,1,0
BRDA:167,7,0,0
BRDA:167,7,1,0
BRDA:168,8,0,0
BRDA:168,8,1,0
BRDA:179,9,0,0
BRDA:179,9,1,0
BRDA:213,10,0,0
BRDA:213,10,1,0
BRDA:214,11,0,0
BRDA:214,11,1,0
BRDA:227,12,0,0
BRDA:227,12,1,0
BRDA:234,13,0,0
BRDA:234,13,1,0
BRDA:234,13,2,0
BRDA:260,14,0,0
BRDA:260,14,1,0
BRDA:284,15,0,0
BRDA:284,15,1,0
BRDA:284,16,0,0
BRDA:284,16,1,0
BRDA:287,17,0,0
BRDA:287,17,1,0
BRDA:290,18,0,0
BRDA:290,18,1,0
BRDA:305,19,0,0
BRDA:305,19,1,0
BRDA:341,20,0,0
BRDA:341,20,1,0
BRF:47
BRH:0
end_of_record
TN:
SF:src\lib\universe\progression-engine.ts
FN:77,createInitialProgression
FN:96,normalizeProgression
FN:107,(anonymous_2)
FN:111,(anonymous_3)
FN:116,(anonymous_4)
FN:152,calculatePlanetState
FN:182,allRequiresMet
FN:189,(anonymous_7)
FN:197,getUniverseSnapshot
FN:210,countByState
FNF:10
FNH:6
FNDA:7,createInitialProgression
FNDA:0,normalizeProgression
FNDA:0,(anonymous_2)
FNDA:0,(anonymous_3)
FNDA:0,(anonymous_4)
FNDA:68,calculatePlanetState
FNDA:68,allRequiresMet
FNDA:60,(anonymous_7)
FNDA:5,getUniverseSnapshot
FNDA:2,countByState
DA:10,1
DA:51,1
DA:54,1
DA:57,1
DA:62,1
DA:77,1
DA:78,7
DA:96,1
DA:99,0
DA:101,0
DA:102,0
DA:106,0
DA:107,0
DA:110,0
DA:111,0
DA:114,0
DA:117,0
DA:127,0
DA:129,0
DA:152,1
DA:158,68
DA:161,68
DA:162,68
DA:164,68
DA:165,45
DA:167,23
DA:168,1
DA:170,22
DA:171,14
DA:173,8
DA:174,8
DA:176,0
DA:187,68
DA:188,68
DA:189,60
DA:197,1
DA:200,5
DA:201,5
DA:202,60
DA:204,5
DA:210,1
DA:213,2
DA:214,2
DA:220,2
DA:221,24
DA:223,2
LF:46
LH:34
BRDA:101,0,0,0
BRDA:101,0,1,0
BRDA:101,1,0,0
BRDA:101,1,1,0
BRDA:106,2,0,0
BRDA:106,2,1,0
BRDA:107,3,0,0
BRDA:107,3,1,0
BRDA:110,4,0,0
BRDA:110,4,1,0
BRDA:111,5,0,0
BRDA:111,5,1,0
BRDA:114,6,0,0
BRDA:114,6,1,0
BRDA:117,7,0,0
BRDA:117,7,1,0
BRDA:117,7,2,0
BRDA:117,7,3,0
BRDA:117,7,4,0
BRDA:117,7,5,0
BRDA:127,8,0,0
BRDA:127,8,1,0
BRDA:130,9,0,0
BRDA:130,9,1,0
BRDA:134,10,0,0
BRDA:134,10,1,0
BRDA:134,11,0,0
BRDA:134,11,1,0
BRDA:140,12,0,0
BRDA:140,12,1,0
BRDA:142,13,0,0
BRDA:142,13,1,0
BRDA:158,14,0,0
BRDA:158,14,1,68
BRDA:161,15,0,68
BRDA:161,15,1,0
BRDA:162,16,0,68
BRDA:162,16,1,0
BRDA:164,17,0,45
BRDA:164,17,1,23
BRDA:167,18,0,1
BRDA:167,18,1,22
BRDA:170,19,0,14
BRDA:170,19,1,8
BRDA:173,20,0,8
BRDA:173,20,1,0
BRDA:188,21,0,8
BRDA:188,21,1,60
BRF:48
BRH:12
end_of_record
TN:
SF:src\services\agent-combination.ts
FN:48,normalizarPar
FN:61,combineAgents
FN:123,(anonymous_3)
FN:123,(anonymous_4)
FN:126,(anonymous_5)
FN:236,listarCombinacoes
FN:245,(anonymous_7)
FN:259,(anonymous_8)
FN:263,(anonymous_9)
FN:264,(anonymous_10)
FNF:10
FNH:1
FNDA:6,normalizarPar
FNDA:0,combineAgents
FNDA:0,(anonymous_3)
FNDA:0,(anonymous_4)
FNDA:0,(anonymous_5)
FNDA:0,listarCombinacoes
FNDA:0,(anonymous_7)
FNDA:0,(anonymous_8)
FNDA:0,(anonymous_9)
FNDA:0,(anonymous_10)
DA:14,1
DA:15,1
DA:20,1
DA:21,1
DA:22,1
DA:23,1
DA:48,1
DA:49,6
DA:61,1
DA:67,0
DA:69,0
DA:71,0
DA:72,0
DA:81,0
DA:84,0
DA:90,0
DA:91,0
DA:100,0
DA:101,0
DA:111,0
DA:122,0
DA:123,0
DA:126,0
DA:127,0
DA:128,0
DA:138,0
DA:144,0
DA:147,0
DA:148,0
DA:155,0
DA:165,0
DA:166,0
DA:173,0
DA:176,0
DA:189,0
DA:201,0
DA:202,0
DA:208,0
DA:236,1
DA:238,0
DA:243,0
DA:245,0
DA:248,0
DA:254,0
DA:259,0
DA:262,0
DA:263,0
DA:265,0
DA:266,0
LF:49
LH:10
BRDA:49,0,0,3
BRDA:49,0,1,3
BRDA:71,1,0,0
BRDA:71,1,1,0
BRDA:71,2,0,0
BRDA:71,2,1,0
BRDA:71,2,2,0
BRDA:90,3,0,0
BRDA:90,3,1,0
BRDA:100,4,0,0
BRDA:100,4,1,0
BRDA:127,5,0,0
BRDA:127,5,1,0
BRDA:147,6,0,0
BRDA:147,6,1,0
BRDA:165,7,0,0
BRDA:165,7,1,0
BRDA:173,8,0,0
BRDA:173,8,1,0
BRDA:173,9,0,0
BRDA:173,9,1,0
BRDA:195,10,0,0
BRDA:195,10,1,0
BRDA:204,11,0,0
BRDA:204,11,1,0
BRDA:205,12,0,0
BRDA:205,12,1,0
BRDA:243,13,0,0
BRDA:243,13,1,0
BRDA:263,14,0,0
BRDA:263,14,1,0
BRDA:272,15,0,0
BRDA:272,15,1,0
BRDA:275,16,0,0
BRDA:275,16,1,0
BRF:35
BRH:2
end_of_record
TN:
SF:src\store\useNavigationStore.ts
FN:150,(anonymous_0)
FN:160,(anonymous_1)
FN:162,(anonymous_2)
FN:164,(anonymous_3)
FN:166,(anonymous_4)
FN:171,(anonymous_5)
FN:177,(anonymous_6)
FN:178,(anonymous_7)
FN:179,(anonymous_8)
FN:183,(anonymous_9)
FN:184,(anonymous_10)
FN:185,(anonymous_11)
FN:191,(anonymous_12)
FN:192,(anonymous_13)
FN:199,(anonymous_14)
FN:215,(anonymous_15)
FN:216,(anonymous_16)
FN:224,(anonymous_17)
FN:225,(anonymous_18)
FN:233,(anonymous_19)
FN:234,(anonymous_20)
FN:242,(anonymous_21)
FN:243,(anonymous_22)
FN:251,(anonymous_23)
FN:259,(anonymous_24)
FN:274,(anonymous_25)
FN:285,(anonymous_26)
FN:291,(anonymous_27)
FN:292,(anonymous_28)
FN:307,(anonymous_29)
FN:308,(anonymous_30)
FN:313,(anonymous_31)
FN:314,(anonymous_32)
FN:319,(anonymous_33)
FN:320,(anonymous_34)
FN:325,(anonymous_35)
FN:331,(anonymous_36)
FN:332,(anonymous_37)
FNF:38
FNH:2
FNDA:1,(anonymous_0)
FNDA:0,(anonymous_1)
FNDA:0,(anonymous_2)
FNDA:0,(anonymous_3)
FNDA:0,(anonymous_4)
FNDA:0,(anonymous_5)
FNDA:0,(anonymous_6)
FNDA:0,(anonymous_7)
FNDA:0,(anonymous_8)
FNDA:0,(anonymous_9)
FNDA:0,(anonymous_10)
FNDA:0,(anonymous_11)
FNDA:0,(anonymous_12)
FNDA:0,(anonymous_13)
FNDA:0,(anonymous_14)
FNDA:0,(anonymous_15)
FNDA:0,(anonymous_16)
FNDA:0,(anonymous_17)
FNDA:0,(anonymous_18)
FNDA:0,(anonymous_19)
FNDA:0,(anonymous_20)
FNDA:0,(anonymous_21)
FNDA:0,(anonymous_22)
FNDA:0,(anonymous_23)
FNDA:0,(anonymous_24)
FNDA:0,(anonymous_25)
FNDA:0,(anonymous_26)
FNDA:0,(anonymous_27)
FNDA:0,(anonymous_28)
FNDA:0,(anonymous_29)
FNDA:0,(anonymous_30)
FNDA:0,(anonymous_31)
FNDA:0,(anonymous_32)
FNDA:0,(anonymous_33)
FNDA:0,(anonymous_34)
FNDA:0,(anonymous_35)
FNDA:1,(anonymous_36)
FNDA:0,(anonymous_37)
DA:15,1
DA:16,1
DA:27,1
DA:31,1
DA:41,1
DA:49,1
DA:148,1
DA:150,1
DA:161,0
DA:162,0
DA:164,0
DA:165,0
DA:166,0
DA:168,0
DA:171,0
DA:178,0
DA:179,0
DA:184,0
DA:186,0
DA:192,0
DA:200,0
DA:201,0
DA:204,0
DA:205,0
DA:206,0
DA:207,0
DA:210,0
DA:211,0
DA:212,0
DA:216,0
DA:217,0
DA:218,0
DA:219,0
DA:220,0
DA:225,0
DA:226,0
DA:227,0
DA:228,0
DA:229,0
DA:234,0
DA:235,0
DA:236,0
DA:237,0
DA:238,0
DA:243,0
DA:244,0
DA:245,0
DA:246,0
DA:247,0
DA:252,0
DA:253,0
DA:254,0
DA:260,0
DA:261,0
DA:263,0
DA:264,0
DA:271,0
DA:275,0
DA:276,0
DA:277,0
DA:278,0
DA:279,0
DA:281,0
DA:282,0
DA:286,0
DA:292,0
DA:293,0
DA:297,0
DA:308,0
DA:314,0
DA:320,0
DA:326,0
DA:331,1
DA:332,0
LF:74
LH:9
BRDA:166,0,0,0
BRDA:166,0,1,0
BRDA:186,1,0,0
BRDA:186,1,1,0
BRDA:201,2,0,0
BRDA:201,2,1,0
BRDA:201,3,0,0
BRDA:201,3,1,0
BRDA:205,4,0,0
BRDA:205,4,1,0
BRDA:205,5,0,0
BRDA:205,5,1,0
BRDA:217,6,0,0
BRDA:217,6,1,0
BRDA:226,7,0,0
BRDA:226,7,1,0
BRDA:235,8,0,0
BRDA:235,8,1,0
BRDA:244,9,0,0
BRDA:244,9,1,0
BRDA:253,10,0,0
BRDA:253,10,1,0
BRDA:261,11,0,0
BRDA:261,11,1,0
BRDA:261,12,0,0
BRDA:261,12,1,0
BRDA:265,13,0,0
BRDA:265,13,1,0
BRDA:266,14,0,0
BRDA:266,14,1,0
BRDA:276,15,0,0
BRDA:276,15,1,0
BRDA:277,16,0,0
BRDA:277,16,1,0
BRDA:293,17,0,0
BRDA:293,17,1,0
BRDA:301,18,0,0
BRDA:301,18,1,0
BRF:38
BRH:0
end_of_record
